This is pdfTeX, Version 3.14159265-2.6-1.40.21 (MiKTeX 20.6.29) (preloaded format=pdflatex 2020.9.16)  8 NOV 2021 22:17
entering extended mode
**e:/Digipen/PHY250/2021/Slides/08.Light/08.Light.tex
(e:/Digipen/PHY250/2021/Slides/08.Light/08.Light.tex
LaTeX2e <2020-02-02> patch level 5
L3 programming layer <2020-06-18> (C:\Users\Ana\AppData\Local\Programs\MiKTeX\tex/latex/beamer\beamer.cls
Document Class: beamer 2020/07/22 v3.59 A class for typesetting presentations
(C:\Users\Ana\AppData\Local\Programs\MiKTeX\tex/latex/beamer\beamerbasemodes.sty (C:\Users\Ana\AppData\Local\Programs\MiKTeX\tex/latex/etoolbox\etoolbox.sty
Package: etoolbox 2019/09/21 v2.5h e-TeX tools for LaTeX (JAW)
\etb@tempcnta=\count167
)
\beamer@tempbox=\box45
\beamer@tempcount=\count168
\c@beamerpauses=\count169
 (C:\Users\Ana\AppData\Local\Programs\MiKTeX\tex/latex/beamer\beamerbasedecode.sty
\beamer@slideinframe=\count170
\beamer@minimum=\count171
\beamer@decode@box=\box46
)
\beamer@commentbox=\box47
\beamer@modecount=\count172
) (C:\Users\Ana\AppData\Local\Programs\MiKTeX\tex/generic/iftex\ifpdf.sty
Package: ifpdf 2019/10/25 v3.4 ifpdf legacy package. Use iftex instead.
 (C:\Users\Ana\AppData\Local\Programs\MiKTeX\tex/generic/iftex\iftex.sty
Package: iftex 2020/03/06 v1.0d TeX engine tests
))
\headdp=\dimen134
\footheight=\dimen135
\sidebarheight=\dimen136
\beamer@tempdim=\dimen137
\beamer@finalheight=\dimen138
\beamer@animht=\dimen139
\beamer@animdp=\dimen140
\beamer@animwd=\dimen141
\beamer@leftmargin=\dimen142
\beamer@rightmargin=\dimen143
\beamer@leftsidebar=\dimen144
\beamer@rightsidebar=\dimen145
\beamer@boxsize=\dimen146
\beamer@vboxoffset=\dimen147
\beamer@descdefault=\dimen148
\beamer@descriptionwidth=\dimen149
\beamer@lastskip=\skip47
\beamer@areabox=\box48
\beamer@animcurrent=\box49
\beamer@animshowbox=\box50
\beamer@sectionbox=\box51
\beamer@logobox=\box52
\beamer@linebox=\box53
\beamer@sectioncount=\count173
\beamer@subsubsectionmax=\count174
\beamer@subsectionmax=\count175
\beamer@sectionmax=\count176
\beamer@totalheads=\count177
\beamer@headcounter=\count178
\beamer@partstartpage=\count179
\beamer@sectionstartpage=\count180
\beamer@subsectionstartpage=\count181
\beamer@animationtempa=\count182
\beamer@animationtempb=\count183
\beamer@xpos=\count184
\beamer@ypos=\count185
\beamer@ypos@offset=\count186
\beamer@showpartnumber=\count187
\beamer@currentsubsection=\count188
\beamer@coveringdepth=\count189
\beamer@sectionadjust=\count190
\beamer@tocsectionnumber=\count191
 (C:\Users\Ana\AppData\Local\Programs\MiKTeX\tex/latex/beamer\beamerbaseoptions.sty (C:\Users\Ana\AppData\Local\Programs\MiKTeX\tex/latex/graphics\keyval.sty
Package: keyval 2014/10/28 v1.15 key=value parser (DPC)
\KV@toks@=\toks15
))
\beamer@paperwidth=\skip48
\beamer@paperheight=\skip49
 (C:\Users\Ana\AppData\Local\Programs\MiKTeX\tex/latex/geometry\geometry.sty
Package: geometry 2020/01/02 v5.9 Page Geometry
 (C:\Users\Ana\AppData\Local\Programs\MiKTeX\tex/generic/iftex\ifvtex.sty
Package: ifvtex 2019/10/25 v1.7 ifvtex legacy package. Use iftex instead.
)
\Gm@cnth=\count192
\Gm@cntv=\count193
\c@Gm@tempcnt=\count194
\Gm@bindingoffset=\dimen150
\Gm@wd@mp=\dimen151
\Gm@odd@mp=\dimen152
\Gm@even@mp=\dimen153
\Gm@layoutwidth=\dimen154
\Gm@layoutheight=\dimen155
\Gm@layouthoffset=\dimen156
\Gm@layoutvoffset=\dimen157
\Gm@dimlist=\toks16
 (C:\Users\Ana\AppData\Local\Programs\MiKTeX\tex/latex/geometry\geometry.cfg)) (C:\Users\Ana\AppData\Local\Programs\MiKTeX\tex/latex/base\size11.clo
File: size11.clo 2019/12/20 v1.4l Standard LaTeX file (size option)
) (C:\Users\Ana\AppData\Local\Programs\MiKTeX\tex/latex/pgf/basiclayer\pgfcore.sty (C:\Users\Ana\AppData\Local\Programs\MiKTeX\tex/latex/graphics\graphicx.sty
Package: graphicx 2019/11/30 v1.2a Enhanced LaTeX Graphics (DPC,SPQR)
 (C:\Users\Ana\AppData\Local\Programs\MiKTeX\tex/latex/graphics\graphics.sty
Package: graphics 2019/11/30 v1.4a Standard LaTeX Graphics (DPC,SPQR)
 (C:\Users\Ana\AppData\Local\Programs\MiKTeX\tex/latex/graphics\trig.sty
Package: trig 2016/01/03 v1.10 sin cos tan (DPC)
) (C:\Users\Ana\AppData\Local\Programs\MiKTeX\tex/latex/graphics-cfg\graphics.cfg
File: graphics.cfg 2016/06/04 v1.11 sample graphics configuration
)
Package graphics Info: Driver file: pdftex.def on input line 105.
 (C:\Users\Ana\AppData\Local\Programs\MiKTeX\tex/latex/graphics-def\pdftex.def
File: pdftex.def 2018/01/08 v1.0l Graphics/color driver for pdftex
))
\Gin@req@height=\dimen158
\Gin@req@width=\dimen159
) (C:\Users\Ana\AppData\Local\Programs\MiKTeX\tex/latex/pgf/systemlayer\pgfsys.sty (C:\Users\Ana\AppData\Local\Programs\MiKTeX\tex/latex/pgf/utilities\pgfrcs.sty (C:\Users\Ana\AppData\Local\Programs\MiKTeX\tex/generic/pgf/utilities\pgfutil-common.tex
\pgfutil@everybye=\toks17
\pgfutil@tempdima=\dimen160
\pgfutil@tempdimb=\dimen161
 (C:\Users\Ana\AppData\Local\Programs\MiKTeX\tex/generic/pgf/utilities\pgfutil-common-lists.tex)) (C:\Users\Ana\AppData\Local\Programs\MiKTeX\tex/generic/pgf/utilities\pgfutil-latex.def
\pgfutil@abb=\box54
 (C:\Users\Ana\AppData\Local\Programs\MiKTeX\tex/latex/ms\everyshi.sty
Package: everyshi 2001/05/15 v3.00 EveryShipout Package (MS)
)) (C:\Users\Ana\AppData\Local\Programs\MiKTeX\tex/generic/pgf/utilities\pgfrcs.code.tex (C:\Users\Ana\AppData\Local\Programs\MiKTeX\tex/generic/pgf\pgf.revision.tex)
Package: pgfrcs 2020/01/08 v3.1.5b (3.1.5b)
)) (C:\Users\Ana\AppData\Local\Programs\MiKTeX\tex/generic/pgf/systemlayer\pgfsys.code.tex
Package: pgfsys 2020/01/08 v3.1.5b (3.1.5b)
 (C:\Users\Ana\AppData\Local\Programs\MiKTeX\tex/generic/pgf/utilities\pgfkeys.code.tex
\pgfkeys@pathtoks=\toks18
\pgfkeys@temptoks=\toks19
 (C:\Users\Ana\AppData\Local\Programs\MiKTeX\tex/generic/pgf/utilities\pgfkeysfiltered.code.tex
\pgfkeys@tmptoks=\toks20
))
\pgf@x=\dimen162
\pgf@y=\dimen163
\pgf@xa=\dimen164
\pgf@ya=\dimen165
\pgf@xb=\dimen166
\pgf@yb=\dimen167
\pgf@xc=\dimen168
\pgf@yc=\dimen169
\pgf@xd=\dimen170
\pgf@yd=\dimen171
\w@pgf@writea=\write3
\r@pgf@reada=\read2
\c@pgf@counta=\count195
\c@pgf@countb=\count196
\c@pgf@countc=\count197
\c@pgf@countd=\count198
\t@pgf@toka=\toks21
\t@pgf@tokb=\toks22
\t@pgf@tokc=\toks23
\pgf@sys@id@count=\count199
 (C:\Users\Ana\AppData\Local\Programs\MiKTeX\tex/generic/pgf/systemlayer\pgf.cfg
File: pgf.cfg 2020/01/08 v3.1.5b (3.1.5b)
)
Driver file for pgf: pgfsys-pdftex.def
 (C:\Users\Ana\AppData\Local\Programs\MiKTeX\tex/generic/pgf/systemlayer\pgfsys-pdftex.def
File: pgfsys-pdftex.def 2020/01/08 v3.1.5b (3.1.5b)
 (C:\Users\Ana\AppData\Local\Programs\MiKTeX\tex/generic/pgf/systemlayer\pgfsys-common-pdf.def
File: pgfsys-common-pdf.def 2020/01/08 v3.1.5b (3.1.5b)
))) (C:\Users\Ana\AppData\Local\Programs\MiKTeX\tex/generic/pgf/systemlayer\pgfsyssoftpath.code.tex
File: pgfsyssoftpath.code.tex 2020/01/08 v3.1.5b (3.1.5b)
\pgfsyssoftpath@smallbuffer@items=\count266
\pgfsyssoftpath@bigbuffer@items=\count267
) (C:\Users\Ana\AppData\Local\Programs\MiKTeX\tex/generic/pgf/systemlayer\pgfsysprotocol.code.tex
File: pgfsysprotocol.code.tex 2020/01/08 v3.1.5b (3.1.5b)
)) (C:\Users\Ana\AppData\Local\Programs\MiKTeX\tex/latex/xcolor\xcolor.sty
Package: xcolor 2016/05/11 v2.12 LaTeX color extensions (UK)
 (C:\Users\Ana\AppData\Local\Programs\MiKTeX\tex/latex/graphics-cfg\color.cfg
File: color.cfg 2016/01/02 v1.6 sample color configuration
)
Package xcolor Info: Driver file: pdftex.def on input line 225.
Package xcolor Info: Model `cmy' substituted by `cmy0' on input line 1348.
Package xcolor Info: Model `hsb' substituted by `rgb' on input line 1352.
Package xcolor Info: Model `RGB' extended on input line 1364.
Package xcolor Info: Model `HTML' substituted by `rgb' on input line 1366.
Package xcolor Info: Model `Hsb' substituted by `hsb' on input line 1367.
Package xcolor Info: Model `tHsb' substituted by `hsb' on input line 1368.
Package xcolor Info: Model `HSB' substituted by `hsb' on input line 1369.
Package xcolor Info: Model `Gray' substituted by `gray' on input line 1370.
Package xcolor Info: Model `wave' substituted by `hsb' on input line 1371.
) (C:\Users\Ana\AppData\Local\Programs\MiKTeX\tex/generic/pgf/basiclayer\pgfcore.code.tex
Package: pgfcore 2020/01/08 v3.1.5b (3.1.5b)
 (C:\Users\Ana\AppData\Local\Programs\MiKTeX\tex/generic/pgf/math\pgfmath.code.tex (C:\Users\Ana\AppData\Local\Programs\MiKTeX\tex/generic/pgf/math\pgfmathcalc.code.tex (C:\Users\Ana\AppData\Local\Programs\MiKTeX\tex/generic/pgf/math\pgfmathutil.code.tex) (C:\Users\Ana\AppData\Local\Programs\MiKTeX\tex/generic/pgf/math\pgfmathparser.code.tex
\pgfmath@dimen=\dimen172
\pgfmath@count=\count268
\pgfmath@box=\box55
\pgfmath@toks=\toks24
\pgfmath@stack@operand=\toks25
\pgfmath@stack@operation=\toks26
) (C:\Users\Ana\AppData\Local\Programs\MiKTeX\tex/generic/pgf/math\pgfmathfunctions.code.tex (C:\Users\Ana\AppData\Local\Programs\MiKTeX\tex/generic/pgf/math\pgfmathfunctions.basic.code.tex) (C:\Users\Ana\AppData\Local\Programs\MiKTeX\tex/generic/pgf/math\pgfmathfunctions.trigonometric.code.tex) (C:\Users\Ana\AppData\Local\Programs\MiKTeX\tex/generic/pgf/math\pgfmathfunctions.random.code.tex) (C:\Users\Ana\AppData\Local\Programs\MiKTeX\tex/generic/pgf/math\pgfmathfunctions.comparison.code.tex) (C:\Users\Ana\AppData\Local\Programs\MiKTeX\tex/generic/pgf/math\pgfmathfunctions.base.code.tex) (C:\Users\Ana\AppData\Local\Programs\MiKTeX\tex/generic/pgf/math\pgfmathfunctions.round.code.tex) (C:\Users\Ana\AppData\Local\Programs\MiKTeX\tex/generic/pgf/math\pgfmathfunctions.misc.code.tex) (C:\Users\Ana\AppData\Local\Programs\MiKTeX\tex/generic/pgf/math\pgfmathfunctions.integerarithmetics.code.tex))) (C:\Users\Ana\AppData\Local\Programs\MiKTeX\tex/generic/pgf/math\pgfmathfloat.code.tex
\c@pgfmathroundto@lastzeros=\count269
)) (C:\Users\Ana\AppData\Local\Programs\MiKTeX\tex/generic/pgf/math\pgfint.code.tex) (C:\Users\Ana\AppData\Local\Programs\MiKTeX\tex/generic/pgf/basiclayer\pgfcorepoints.code.tex
File: pgfcorepoints.code.tex 2020/01/08 v3.1.5b (3.1.5b)
\pgf@picminx=\dimen173
\pgf@picmaxx=\dimen174
\pgf@picminy=\dimen175
\pgf@picmaxy=\dimen176
\pgf@pathminx=\dimen177
\pgf@pathmaxx=\dimen178
\pgf@pathminy=\dimen179
\pgf@pathmaxy=\dimen180
\pgf@xx=\dimen181
\pgf@xy=\dimen182
\pgf@yx=\dimen183
\pgf@yy=\dimen184
\pgf@zx=\dimen185
\pgf@zy=\dimen186
) (C:\Users\Ana\AppData\Local\Programs\MiKTeX\tex/generic/pgf/basiclayer\pgfcorepathconstruct.code.tex
File: pgfcorepathconstruct.code.tex 2020/01/08 v3.1.5b (3.1.5b)
\pgf@path@lastx=\dimen187
\pgf@path@lasty=\dimen188
) (C:\Users\Ana\AppData\Local\Programs\MiKTeX\tex/generic/pgf/basiclayer\pgfcorepathusage.code.tex
File: pgfcorepathusage.code.tex 2020/01/08 v3.1.5b (3.1.5b)
\pgf@shorten@end@additional=\dimen189
\pgf@shorten@start@additional=\dimen190
) (C:\Users\Ana\AppData\Local\Programs\MiKTeX\tex/generic/pgf/basiclayer\pgfcorescopes.code.tex
File: pgfcorescopes.code.tex 2020/01/08 v3.1.5b (3.1.5b)
\pgfpic=\box56
\pgf@hbox=\box57
\pgf@layerbox@main=\box58
\pgf@picture@serial@count=\count270
) (C:\Users\Ana\AppData\Local\Programs\MiKTeX\tex/generic/pgf/basiclayer\pgfcoregraphicstate.code.tex
File: pgfcoregraphicstate.code.tex 2020/01/08 v3.1.5b (3.1.5b)
\pgflinewidth=\dimen191
) (C:\Users\Ana\AppData\Local\Programs\MiKTeX\tex/generic/pgf/basiclayer\pgfcoretransformations.code.tex
File: pgfcoretransformations.code.tex 2020/01/08 v3.1.5b (3.1.5b)
\pgf@pt@x=\dimen192
\pgf@pt@y=\dimen193
\pgf@pt@temp=\dimen194
) (C:\Users\Ana\AppData\Local\Programs\MiKTeX\tex/generic/pgf/basiclayer\pgfcorequick.code.tex
File: pgfcorequick.code.tex 2020/01/08 v3.1.5b (3.1.5b)
) (C:\Users\Ana\AppData\Local\Programs\MiKTeX\tex/generic/pgf/basiclayer\pgfcoreobjects.code.tex
File: pgfcoreobjects.code.tex 2020/01/08 v3.1.5b (3.1.5b)
) (C:\Users\Ana\AppData\Local\Programs\MiKTeX\tex/generic/pgf/basiclayer\pgfcorepathprocessing.code.tex
File: pgfcorepathprocessing.code.tex 2020/01/08 v3.1.5b (3.1.5b)
) (C:\Users\Ana\AppData\Local\Programs\MiKTeX\tex/generic/pgf/basiclayer\pgfcorearrows.code.tex
File: pgfcorearrows.code.tex 2020/01/08 v3.1.5b (3.1.5b)
\pgfarrowsep=\dimen195
) (C:\Users\Ana\AppData\Local\Programs\MiKTeX\tex/generic/pgf/basiclayer\pgfcoreshade.code.tex
File: pgfcoreshade.code.tex 2020/01/08 v3.1.5b (3.1.5b)
\pgf@max=\dimen196
\pgf@sys@shading@range@num=\count271
\pgf@shadingcount=\count272
) (C:\Users\Ana\AppData\Local\Programs\MiKTeX\tex/generic/pgf/basiclayer\pgfcoreimage.code.tex
File: pgfcoreimage.code.tex 2020/01/08 v3.1.5b (3.1.5b)
 (C:\Users\Ana\AppData\Local\Programs\MiKTeX\tex/generic/pgf/basiclayer\pgfcoreexternal.code.tex
File: pgfcoreexternal.code.tex 2020/01/08 v3.1.5b (3.1.5b)
\pgfexternal@startupbox=\box59
)) (C:\Users\Ana\AppData\Local\Programs\MiKTeX\tex/generic/pgf/basiclayer\pgfcorelayers.code.tex
File: pgfcorelayers.code.tex 2020/01/08 v3.1.5b (3.1.5b)
) (C:\Users\Ana\AppData\Local\Programs\MiKTeX\tex/generic/pgf/basiclayer\pgfcoretransparency.code.tex
File: pgfcoretransparency.code.tex 2020/01/08 v3.1.5b (3.1.5b)
) (C:\Users\Ana\AppData\Local\Programs\MiKTeX\tex/generic/pgf/basiclayer\pgfcorepatterns.code.tex
File: pgfcorepatterns.code.tex 2020/01/08 v3.1.5b (3.1.5b)
) (C:\Users\Ana\AppData\Local\Programs\MiKTeX\tex/generic/pgf/basiclayer\pgfcorerdf.code.tex
File: pgfcorerdf.code.tex 2020/01/08 v3.1.5b (3.1.5b)
))) (C:\Users\Ana\AppData\Local\Programs\MiKTeX\tex/latex/pgf/utilities\xxcolor.sty
Package: xxcolor 2003/10/24 ver 0.1
\XC@nummixins=\count273
\XC@countmixins=\count274
) (C:\Users\Ana\AppData\Local\Programs\MiKTeX\tex/generic/atbegshi\atbegshi.sty
Package: atbegshi 2019/12/05 v1.19 At begin shipout hook (HO)
 (C:\Users\Ana\AppData\Local\Programs\MiKTeX\tex/generic/infwarerr\infwarerr.sty
Package: infwarerr 2019/12/03 v1.5 Providing info/warning/error messages (HO)
) (C:\Users\Ana\AppData\Local\Programs\MiKTeX\tex/generic/ltxcmds\ltxcmds.sty
Package: ltxcmds 2019/12/15 v1.24 LaTeX kernel commands for general use (HO)
)) (C:\Users\Ana\AppData\Local\Programs\MiKTeX\tex/latex/hyperref\hyperref.sty
Package: hyperref 2020-05-15 v7.00e Hypertext links for LaTeX
 (C:\Users\Ana\AppData\Local\Programs\MiKTeX\tex/generic/pdftexcmds\pdftexcmds.sty
Package: pdftexcmds 2020-06-27 v0.33 Utility functions of pdfTeX for LuaTeX (HO)
Package pdftexcmds Info: \pdf@primitive is available.
Package pdftexcmds Info: \pdf@ifprimitive is available.
Package pdftexcmds Info: \pdfdraftmode found.
) (C:\Users\Ana\AppData\Local\Programs\MiKTeX\tex/generic/kvsetkeys\kvsetkeys.sty
Package: kvsetkeys 2019/12/15 v1.18 Key value parser (HO)
) (C:\Users\Ana\AppData\Local\Programs\MiKTeX\tex/generic/kvdefinekeys\kvdefinekeys.sty
Package: kvdefinekeys 2019-12-19 v1.6 Define keys (HO)
) (C:\Users\Ana\AppData\Local\Programs\MiKTeX\tex/generic/pdfescape\pdfescape.sty
Package: pdfescape 2019/12/09 v1.15 Implements pdfTeX's escape features (HO)
) (C:\Users\Ana\AppData\Local\Programs\MiKTeX\tex/latex/hycolor\hycolor.sty
Package: hycolor 2020-01-27 v1.10 Color options for hyperref/bookmark (HO)
) (C:\Users\Ana\AppData\Local\Programs\MiKTeX\tex/latex/letltxmacro\letltxmacro.sty
Package: letltxmacro 2019/12/03 v1.6 Let assignment for LaTeX macros (HO)
) (C:\Users\Ana\AppData\Local\Programs\MiKTeX\tex/latex/auxhook\auxhook.sty
Package: auxhook 2019-12-17 v1.6 Hooks for auxiliary files (HO)
) (C:\Users\Ana\AppData\Local\Programs\MiKTeX\tex/latex/kvoptions\kvoptions.sty
Package: kvoptions 2019/11/29 v3.13 Key value format for package options (HO)
)
\@linkdim=\dimen197
\Hy@linkcounter=\count275
\Hy@pagecounter=\count276
 (C:\Users\Ana\AppData\Local\Programs\MiKTeX\tex/latex/hyperref\pd1enc.def
File: pd1enc.def 2020-05-15 v7.00e Hyperref: PDFDocEncoding definition (HO)
Now handling font encoding PD1 ...
... no UTF-8 mapping file for font encoding PD1
) (C:\Users\Ana\AppData\Local\Programs\MiKTeX\tex/generic/intcalc\intcalc.sty
Package: intcalc 2019/12/15 v1.3 Expandable calculations with integers (HO)
) (C:\Users\Ana\AppData\Local\Programs\MiKTeX\tex/generic/etexcmds\etexcmds.sty
Package: etexcmds 2019/12/15 v1.7 Avoid name clashes with e-TeX commands (HO)
)
\Hy@SavedSpaceFactor=\count277
Package hyperref Info: Option `bookmarks' set `true' on input line 4338.
Package hyperref Info: Option `bookmarksopen' set `true' on input line 4338.
Package hyperref Info: Option `implicit' set `false' on input line 4338.
Package hyperref Info: Hyper figures OFF on input line 4464.
Package hyperref Info: Link nesting OFF on input line 4469.
Package hyperref Info: Hyper index ON on input line 4472.
Package hyperref Info: Plain pages OFF on input line 4479.
Package hyperref Info: Backreferencing OFF on input line 4484.
Package hyperref Info: Implicit mode OFF; no redefinition of LaTeX internals.
Package hyperref Info: Bookmarks ON on input line 4717.
\c@Hy@tempcnt=\count278
 (C:\Users\Ana\AppData\Local\Programs\MiKTeX\tex/latex/url\url.sty
\Urlmuskip=\muskip16
Package: url 2013/09/16  ver 3.4  Verb mode for urls, etc.
)
LaTeX Info: Redefining \url on input line 5076.
\XeTeXLinkMargin=\dimen198
 (C:\Users\Ana\AppData\Local\Programs\MiKTeX\tex/generic/bitset\bitset.sty
Package: bitset 2019/12/09 v1.3 Handle bit-vector datatype (HO)
 (C:\Users\Ana\AppData\Local\Programs\MiKTeX\tex/generic/bigintcalc\bigintcalc.sty
Package: bigintcalc 2019/12/15 v1.5 Expandable calculations on big integers (HO)
))
\Fld@menulength=\count279
\Field@Width=\dimen199
\Fld@charsize=\dimen256
Package hyperref Info: Hyper figures OFF on input line 6347.
Package hyperref Info: Link nesting OFF on input line 6352.
Package hyperref Info: Hyper index ON on input line 6355.
Package hyperref Info: backreferencing OFF on input line 6362.
Package hyperref Info: Link coloring OFF on input line 6367.
Package hyperref Info: Link coloring with OCG OFF on input line 6372.
Package hyperref Info: PDF/A mode OFF on input line 6377.
LaTeX Info: Redefining \ref on input line 6417.
LaTeX Info: Redefining \pageref on input line 6421.
\Hy@abspage=\count280


Package hyperref Message: Stopped early.

)
Package hyperref Info: Driver (autodetected): hpdftex.
 (C:\Users\Ana\AppData\Local\Programs\MiKTeX\tex/latex/hyperref\hpdftex.def
File: hpdftex.def 2020-05-15 v7.00e Hyperref driver for pdfTeX
 (C:\Users\Ana\AppData\Local\Programs\MiKTeX\tex/latex/atveryend\atveryend.sty
Package: atveryend 2019-12-11 v1.11 Hooks at the very end of document (HO)
)
\Fld@listcount=\count281
\c@bookmark@seq@number=\count282
 (C:\Users\Ana\AppData\Local\Programs\MiKTeX\tex/latex/rerunfilecheck\rerunfilecheck.sty
Package: rerunfilecheck 2019/12/05 v1.9 Rerun checks for auxiliary files (HO)
 (C:\Users\Ana\AppData\Local\Programs\MiKTeX\tex/generic/uniquecounter\uniquecounter.sty
Package: uniquecounter 2019/12/15 v1.4 Provide unlimited unique counter (HO)
)
Package uniquecounter Info: New unique counter `rerunfilecheck' on input line 286.
)) (C:\Users\Ana\AppData\Local\Programs\MiKTeX\tex/latex/beamer\beamerbaserequires.sty (C:\Users\Ana\AppData\Local\Programs\MiKTeX\tex/latex/beamer\beamerbasecompatibility.sty) (C:\Users\Ana\AppData\Local\Programs\MiKTeX\tex/latex/beamer\beamerbasefont.sty (C:\Users\Ana\AppData\Local\Programs\MiKTeX\tex/latex/amsfonts\amssymb.sty
Package: amssymb 2013/01/14 v3.01 AMS font symbols
 (C:\Users\Ana\AppData\Local\Programs\MiKTeX\tex/latex/amsfonts\amsfonts.sty
Package: amsfonts 2013/01/14 v3.01 Basic AMSFonts support
\@emptytoks=\toks27
\symAMSa=\mathgroup4
\symAMSb=\mathgroup5
LaTeX Font Info:    Redeclaring math symbol \hbar on input line 98.
LaTeX Font Info:    Overwriting math alphabet `\mathfrak' in version `bold'
(Font)                  U/euf/m/n --> U/euf/b/n on input line 106.
)) (C:\Users\Ana\AppData\Local\Programs\MiKTeX\tex/latex/sansmathaccent\sansmathaccent.sty
Package: sansmathaccent 2020/01/31
 (C:\Users\Ana\AppData\Local\Programs\MiKTeX\tex/latex/koma-script\scrlfile.sty
Package: scrlfile 2020/07/22 v3.31 KOMA-Script package (loading files)
))) (C:\Users\Ana\AppData\Local\Programs\MiKTeX\tex/latex/beamer\beamerbasetranslator.sty (C:\Users\Ana\AppData\Local\Programs\MiKTeX\tex/latex/translator\translator.sty
Package: translator 2020-08-03 v1.12c Easy translation of strings in LaTeX
)) (C:\Users\Ana\AppData\Local\Programs\MiKTeX\tex/latex/beamer\beamerbasemisc.sty) (C:\Users\Ana\AppData\Local\Programs\MiKTeX\tex/latex/beamer\beamerbasetwoscreens.sty) (C:\Users\Ana\AppData\Local\Programs\MiKTeX\tex/latex/beamer\beamerbaseoverlay.sty
\beamer@argscount=\count283
\beamer@lastskipcover=\skip50
\beamer@trivlistdepth=\count284
) (C:\Users\Ana\AppData\Local\Programs\MiKTeX\tex/latex/beamer\beamerbasetitle.sty) (C:\Users\Ana\AppData\Local\Programs\MiKTeX\tex/latex/beamer\beamerbasesection.sty
\c@lecture=\count285
\c@part=\count286
\c@section=\count287
\c@subsection=\count288
\c@subsubsection=\count289
) (C:\Users\Ana\AppData\Local\Programs\MiKTeX\tex/latex/beamer\beamerbaseframe.sty
\beamer@framebox=\box60
\beamer@frametitlebox=\box61
\beamer@zoombox=\box62
\beamer@zoomcount=\count290
\beamer@zoomframecount=\count291
\beamer@frametextheight=\dimen257
\c@subsectionslide=\count292
\beamer@frametopskip=\skip51
\beamer@framebottomskip=\skip52
\beamer@frametopskipautobreak=\skip53
\beamer@framebottomskipautobreak=\skip54
\beamer@envbody=\toks28
\framewidth=\dimen258
\c@framenumber=\count293
) (C:\Users\Ana\AppData\Local\Programs\MiKTeX\tex/latex/beamer\beamerbaseverbatim.sty
\beamer@verbatimfileout=\write4
) (C:\Users\Ana\AppData\Local\Programs\MiKTeX\tex/latex/beamer\beamerbaseframesize.sty
\beamer@splitbox=\box63
\beamer@autobreakcount=\count294
\beamer@autobreaklastheight=\dimen259
\beamer@frametitletoks=\toks29
\beamer@framesubtitletoks=\toks30
) (C:\Users\Ana\AppData\Local\Programs\MiKTeX\tex/latex/beamer\beamerbaseframecomponents.sty
\beamer@footins=\box64
) (C:\Users\Ana\AppData\Local\Programs\MiKTeX\tex/latex/beamer\beamerbasecolor.sty) (C:\Users\Ana\AppData\Local\Programs\MiKTeX\tex/latex/beamer\beamerbasenotes.sty
\beamer@frameboxcopy=\box65
) (C:\Users\Ana\AppData\Local\Programs\MiKTeX\tex/latex/beamer\beamerbasetoc.sty) (C:\Users\Ana\AppData\Local\Programs\MiKTeX\tex/latex/beamer\beamerbasetemplates.sty
\beamer@sbttoks=\toks31
 (C:\Users\Ana\AppData\Local\Programs\MiKTeX\tex/latex/beamer\beamerbaseauxtemplates.sty (C:\Users\Ana\AppData\Local\Programs\MiKTeX\tex/latex/beamer\beamerbaseboxes.sty
\bmb@box=\box66
\bmb@colorbox=\box67
\bmb@boxshadow=\box68
\bmb@boxshadowball=\box69
\bmb@boxshadowballlarge=\box70
\bmb@temp=\dimen260
\bmb@dima=\dimen261
\bmb@dimb=\dimen262
\bmb@prevheight=\dimen263
)
\beamer@blockheadheight=\dimen264
)) (C:\Users\Ana\AppData\Local\Programs\MiKTeX\tex/latex/beamer\beamerbaselocalstructure.sty (C:\Users\Ana\AppData\Local\Programs\MiKTeX\tex/latex/tools\enumerate.sty
Package: enumerate 2015/07/23 v3.00 enumerate extensions (DPC)
\@enLab=\toks32
)
\c@figure=\count295
\c@table=\count296
\abovecaptionskip=\skip55
\belowcaptionskip=\skip56
) (C:\Users\Ana\AppData\Local\Programs\MiKTeX\tex/latex/beamer\beamerbasenavigation.sty
\beamer@section@min@dim=\dimen265
) (C:\Users\Ana\AppData\Local\Programs\MiKTeX\tex/latex/beamer\beamerbasetheorems.sty (C:\Users\Ana\AppData\Local\Programs\MiKTeX\tex/latex/amsmath\amsmath.sty
Package: amsmath 2020/01/20 v2.17e AMS math features
\@mathmargin=\skip57

For additional information on amsmath, use the `?' option.
(C:\Users\Ana\AppData\Local\Programs\MiKTeX\tex/latex/amsmath\amstext.sty
Package: amstext 2000/06/29 v2.01 AMS text
 (C:\Users\Ana\AppData\Local\Programs\MiKTeX\tex/latex/amsmath\amsgen.sty
File: amsgen.sty 1999/11/30 v2.0 generic functions
\@emptytoks=\toks33
\ex@=\dimen266
)) (C:\Users\Ana\AppData\Local\Programs\MiKTeX\tex/latex/amsmath\amsbsy.sty
Package: amsbsy 1999/11/29 v1.2d Bold Symbols
\pmbraise@=\dimen267
) (C:\Users\Ana\AppData\Local\Programs\MiKTeX\tex/latex/amsmath\amsopn.sty
Package: amsopn 2016/03/08 v2.02 operator names
)
\inf@bad=\count297
LaTeX Info: Redefining \frac on input line 227.
\uproot@=\count298
\leftroot@=\count299
LaTeX Info: Redefining \overline on input line 389.
\classnum@=\count300
\DOTSCASE@=\count301
LaTeX Info: Redefining \ldots on input line 486.
LaTeX Info: Redefining \dots on input line 489.
LaTeX Info: Redefining \cdots on input line 610.
\Mathstrutbox@=\box71
\strutbox@=\box72
\big@size=\dimen268
LaTeX Font Info:    Redeclaring font encoding OML on input line 733.
LaTeX Font Info:    Redeclaring font encoding OMS on input line 734.
\macc@depth=\count302
\c@MaxMatrixCols=\count303
\dotsspace@=\muskip17
\c@parentequation=\count304
\dspbrk@lvl=\count305
\tag@help=\toks34
\row@=\count306
\column@=\count307
\maxfields@=\count308
\andhelp@=\toks35
\eqnshift@=\dimen269
\alignsep@=\dimen270
\tagshift@=\dimen271
\tagwidth@=\dimen272
\totwidth@=\dimen273
\lineht@=\dimen274
\@envbody=\toks36
\multlinegap=\skip58
\multlinetaggap=\skip59
\mathdisplay@stack=\toks37
LaTeX Info: Redefining \[ on input line 2859.
LaTeX Info: Redefining \] on input line 2860.
) (C:\Users\Ana\AppData\Local\Programs\MiKTeX\tex/latex/amscls\amsthm.sty
Package: amsthm 2020/05/29 v2.20.6
\thm@style=\toks38
\thm@bodyfont=\toks39
\thm@headfont=\toks40
\thm@notefont=\toks41
\thm@headpunct=\toks42
\thm@preskip=\skip60
\thm@postskip=\skip61
\thm@headsep=\skip62
\dth@everypar=\toks43
)
\c@theorem=\count309
) (C:\Users\Ana\AppData\Local\Programs\MiKTeX\tex/latex/beamer\beamerbasethemes.sty)) (C:\Users\Ana\AppData\Local\Programs\MiKTeX\tex/latex/beamer\beamerthemedefault.sty (C:\Users\Ana\AppData\Local\Programs\MiKTeX\tex/latex/beamer\beamerfontthemedefault.sty) (C:\Users\Ana\AppData\Local\Programs\MiKTeX\tex/latex/beamer\beamercolorthemedefault.sty) (C:\Users\Ana\AppData\Local\Programs\MiKTeX\tex/latex/beamer\beamerinnerthemedefault.sty
\beamer@dima=\dimen275
\beamer@dimb=\dimen276
) (C:\Users\Ana\AppData\Local\Programs\MiKTeX\tex/latex/beamer\beamerouterthemedefault.sty))) (C:\Users\Ana\AppData\Local\Programs\MiKTeX\tex/latex/beamer\beamerthemesplit.sty (C:\Users\Ana\AppData\Local\Programs\MiKTeX\tex/latex/beamer\beamercolorthemewhale.sty) (C:\Users\Ana\AppData\Local\Programs\MiKTeX\tex/latex/beamer\beamerouterthemesplit.sty) (C:\Users\Ana\AppData\Local\Programs\MiKTeX\tex/latex/beamer\beamerfontthemestructurebold.sty)) (C:\Users\Ana\AppData\Local\Programs\MiKTeX\tex/latex/l3backend\l3backend-pdfmode.def
File: l3backend-pdfmode.def 2020-06-29 L3 backend support: PDF mode
\l__kernel_color_stack_int=\count310
\l__pdf_internal_box=\box73
) (e:/Digipen\PHY250\2021\Slides\08.Light\08.Light.aux)
\openout1 = `08.Light.aux'.

LaTeX Font Info:    Checking defaults for OML/cmm/m/it on input line 20.
LaTeX Font Info:    ... okay on input line 20.
LaTeX Font Info:    Checking defaults for OMS/cmsy/m/n on input line 20.
LaTeX Font Info:    ... okay on input line 20.
LaTeX Font Info:    Checking defaults for OT1/cmr/m/n on input line 20.
LaTeX Font Info:    ... okay on input line 20.
LaTeX Font Info:    Checking defaults for T1/cmr/m/n on input line 20.
LaTeX Font Info:    ... okay on input line 20.
LaTeX Font Info:    Checking defaults for TS1/cmr/m/n on input line 20.
LaTeX Font Info:    ... okay on input line 20.
LaTeX Font Info:    Checking defaults for OMX/cmex/m/n on input line 20.
LaTeX Font Info:    ... okay on input line 20.
LaTeX Font Info:    Checking defaults for U/cmr/m/n on input line 20.
LaTeX Font Info:    ... okay on input line 20.
LaTeX Font Info:    Checking defaults for PD1/pdf/m/n on input line 20.
LaTeX Font Info:    ... okay on input line 20.

*geometry* driver: auto-detecting
*geometry* detected driver: pdftex
*geometry* verbose mode - [ preamble ] result:
* driver: pdftex
* paper: custom
* layout: <same size as paper>
* layoutoffset:(h,v)=(0.0pt,0.0pt)
* modes: includehead includefoot 
* h-part:(L,W,R)=(28.45274pt, 307.28987pt, 28.45274pt)
* v-part:(T,H,B)=(0.0pt, 273.14662pt, 0.0pt)
* \paperwidth=364.19536pt
* \paperheight=273.14662pt
* \textwidth=307.28987pt
* \textheight=244.6939pt
* \oddsidemargin=-43.81725pt
* \evensidemargin=-43.81725pt
* \topmargin=-72.26999pt
* \headheight=14.22636pt
* \headsep=0.0pt
* \topskip=11.0pt
* \footskip=14.22636pt
* \marginparwidth=4.0pt
* \marginparsep=10.0pt
* \columnsep=10.0pt
* \skip\footins=10.0pt plus 4.0pt minus 2.0pt
* \hoffset=0.0pt
* \voffset=0.0pt
* \mag=1000
* \@twocolumnfalse
* \@twosidefalse
* \@mparswitchfalse
* \@reversemarginfalse
* (1in=72.27pt=25.4mm, 1cm=28.453pt)

(C:\Users\Ana\AppData\Local\Programs\MiKTeX\tex/context/base/mkii\supp-pdf.mkii
[Loading MPS to PDF converter (version 2006.09.02).]
\scratchcounter=\count311
\scratchdimen=\dimen277
\scratchbox=\box74
\nofMPsegments=\count312
\nofMParguments=\count313
\everyMPshowfont=\toks44
\MPscratchCnt=\count314
\MPscratchDim=\dimen278
\MPnumerator=\count315
\makeMPintoPDFobject=\count316
\everyMPtoPDFconversion=\toks45
) (C:\Users\Ana\AppData\Local\Programs\MiKTeX\tex/latex/epstopdf-pkg\epstopdf-base.sty
Package: epstopdf-base 2020-01-24 v2.11 Base part for package epstopdf
Package epstopdf-base Info: Redefining graphics rule for `.eps' on input line 485.
) ABD: EveryShipout initializing macros
\AtBeginShipoutBox=\box75
Package hyperref Info: Link coloring OFF on input line 20.
 (C:\Users\Ana\AppData\Local\Programs\MiKTeX\tex/latex/hyperref\nameref.sty
Package: nameref 2019/09/16 v2.46 Cross-referencing by name of section
 (C:\Users\Ana\AppData\Local\Programs\MiKTeX\tex/latex/refcount\refcount.sty
Package: refcount 2019/12/15 v3.6 Data extraction from label references (HO)
) (C:\Users\Ana\AppData\Local\Programs\MiKTeX\tex/generic/gettitlestring\gettitlestring.sty
Package: gettitlestring 2019/12/15 v1.6 Cleanup title references (HO)
)
\c@section@level=\count317
)
LaTeX Info: Redefining \ref on input line 20.
LaTeX Info: Redefining \pageref on input line 20.
LaTeX Info: Redefining \nameref on input line 20.
 (e:/Digipen\PHY250\2021\Slides\08.Light\08.Light.out) (e:/Digipen\PHY250\2021\Slides\08.Light\08.Light.out)
\@outlinefile=\write5
\openout5 = `08.Light.out'.

LaTeX Font Info:    Overwriting symbol font `operators' in version `normal'
(Font)                  OT1/cmr/m/n --> OT1/cmss/m/n on input line 20.
LaTeX Font Info:    Overwriting symbol font `operators' in version `bold'
(Font)                  OT1/cmr/bx/n --> OT1/cmss/b/n on input line 20.
\symnumbers=\mathgroup6
\sympureletters=\mathgroup7
LaTeX Font Info:    Overwriting math alphabet `\mathrm' in version `normal'
(Font)                  OT1/cmss/m/n --> OT1/cmr/m/n on input line 20.
LaTeX Font Info:    Redeclaring math alphabet \mathbf on input line 20.
LaTeX Font Info:    Overwriting math alphabet `\mathbf' in version `normal'
(Font)                  OT1/cmr/bx/n --> OT1/cmss/b/n on input line 20.
LaTeX Font Info:    Overwriting math alphabet `\mathbf' in version `bold'
(Font)                  OT1/cmr/bx/n --> OT1/cmss/b/n on input line 20.
LaTeX Font Info:    Redeclaring math alphabet \mathsf on input line 20.
LaTeX Font Info:    Overwriting math alphabet `\mathsf' in version `normal'
(Font)                  OT1/cmss/m/n --> OT1/cmss/m/n on input line 20.
LaTeX Font Info:    Overwriting math alphabet `\mathsf' in version `bold'
(Font)                  OT1/cmss/bx/n --> OT1/cmss/m/n on input line 20.
LaTeX Font Info:    Redeclaring math alphabet \mathit on input line 20.
LaTeX Font Info:    Overwriting math alphabet `\mathit' in version `normal'
(Font)                  OT1/cmr/m/it --> OT1/cmss/m/it on input line 20.
LaTeX Font Info:    Overwriting math alphabet `\mathit' in version `bold'
(Font)                  OT1/cmr/bx/it --> OT1/cmss/m/it on input line 20.
LaTeX Font Info:    Redeclaring math alphabet \mathtt on input line 20.
LaTeX Font Info:    Overwriting math alphabet `\mathtt' in version `normal'
(Font)                  OT1/cmtt/m/n --> OT1/cmtt/m/n on input line 20.
LaTeX Font Info:    Overwriting math alphabet `\mathtt' in version `bold'
(Font)                  OT1/cmtt/m/n --> OT1/cmtt/m/n on input line 20.
LaTeX Font Info:    Overwriting symbol font `numbers' in version `bold'
(Font)                  OT1/cmss/m/n --> OT1/cmss/b/n on input line 20.
LaTeX Font Info:    Overwriting symbol font `pureletters' in version `bold'
(Font)                  OT1/cmss/m/it --> OT1/cmss/b/it on input line 20.
LaTeX Font Info:    Overwriting math alphabet `\mathrm' in version `bold'
(Font)                  OT1/cmss/b/n --> OT1/cmr/b/n on input line 20.
LaTeX Font Info:    Overwriting math alphabet `\mathbf' in version `bold'
(Font)                  OT1/cmss/b/n --> OT1/cmss/b/n on input line 20.
LaTeX Font Info:    Overwriting math alphabet `\mathsf' in version `bold'
(Font)                  OT1/cmss/m/n --> OT1/cmss/b/n on input line 20.
LaTeX Font Info:    Overwriting math alphabet `\mathit' in version `bold'
(Font)                  OT1/cmss/m/it --> OT1/cmss/b/it on input line 20.
LaTeX Font Info:    Overwriting math alphabet `\mathtt' in version `bold'
(Font)                  OT1/cmtt/m/n --> OT1/cmtt/b/n on input line 20.
LaTeX Font Info:    Redeclaring symbol font `pureletters' on input line 20.
LaTeX Font Info:    Overwriting symbol font `pureletters' in version `normal'
(Font)                  OT1/cmss/m/it --> OT1/mathkerncmss/m/sl on input line 20.
LaTeX Font Info:    Overwriting symbol font `pureletters' in version `bold'
(Font)                  OT1/cmss/b/it --> OT1/mathkerncmss/m/sl on input line 20.
LaTeX Font Info:    Overwriting symbol font `pureletters' in version `bold'
(Font)                  OT1/mathkerncmss/m/sl --> OT1/mathkerncmss/bx/sl on input line 20.
 (C:\Users\Ana\AppData\Local\Programs\MiKTeX\tex/latex/translator\translator-basic-dictionary-English.dict
Dictionary: translator-basic-dictionary, Language: English 
) (C:\Users\Ana\AppData\Local\Programs\MiKTeX\tex/latex/translator\translator-bibliography-dictionary-English.dict
Dictionary: translator-bibliography-dictionary, Language: English 
) (C:\Users\Ana\AppData\Local\Programs\MiKTeX\tex/latex/translator\translator-environment-dictionary-English.dict
Dictionary: translator-environment-dictionary, Language: English 
) (C:\Users\Ana\AppData\Local\Programs\MiKTeX\tex/latex/translator\translator-months-dictionary-English.dict
Dictionary: translator-months-dictionary, Language: English 
) (C:\Users\Ana\AppData\Local\Programs\MiKTeX\tex/latex/translator\translator-numbers-dictionary-English.dict
Dictionary: translator-numbers-dictionary, Language: English 
) (C:\Users\Ana\AppData\Local\Programs\MiKTeX\tex/latex/translator\translator-theorem-dictionary-English.dict
Dictionary: translator-theorem-dictionary, Language: English 
) (e:/Digipen\PHY250\2021\Slides\08.Light\08.Light.nav) [1{C:/Users/Ana/AppData/Local/MiKTeX/pdftex/config/pdftex.map}

] (e:/Digipen\PHY250\2021\Slides\08.Light\08.Light.toc) [2

]
LaTeX Font Info:    Trying to load font information for U+msa on input line 67.
 (C:\Users\Ana\AppData\Local\Programs\MiKTeX\tex/latex/amsfonts\umsa.fd
File: umsa.fd 2013/01/14 v3.01 AMS symbols A
)
LaTeX Font Info:    Trying to load font information for U+msb on input line 67.
 (C:\Users\Ana\AppData\Local\Programs\MiKTeX\tex/latex/amsfonts\umsb.fd
File: umsb.fd 2013/01/14 v3.01 AMS symbols B
)
LaTeX Font Info:    Trying to load font information for OT1+mathkerncmss on input line 67.
 (C:\Users\Ana\AppData\Local\Programs\MiKTeX\tex/latex/sansmathaccent\ot1mathkerncmss.fd
File: ot1mathkerncmss.fd 2020/01/31 Fontinst v1.933 font definitions for OT1/mathkerncmss.
) [3

] [4

] [5

] [6

] [7

] [8

] [9

]
<images5/1.jpg, id=326, 598.235pt x 516.93124pt>
File: images5/1.jpg Graphic file (type jpg)
<use images5/1.jpg>
Package pdftex.def Info: images5/1.jpg  used on input line 132.
(pdftex.def)             Requested size: 142.17357pt x 122.85876pt.
 [10

 <e:/Digipen/PHY250/2021/Slides/08.Light/images5/1.jpg>]
File: images5/1.jpg Graphic file (type jpg)
<use images5/1.jpg>
Package pdftex.def Info: images5/1.jpg  used on input line 132.
(pdftex.def)             Requested size: 142.17357pt x 122.85876pt.
 [11

]
File: images5/1.jpg Graphic file (type jpg)
<use images5/1.jpg>
Package pdftex.def Info: images5/1.jpg  used on input line 132.
(pdftex.def)             Requested size: 142.17357pt x 122.85876pt.
 [12

]
File: images5/1.jpg Graphic file (type jpg)
<use images5/1.jpg>
Package pdftex.def Info: images5/1.jpg  used on input line 132.
(pdftex.def)             Requested size: 142.17357pt x 122.85876pt.
 [13

]
File: images5/1.jpg Graphic file (type jpg)
<use images5/1.jpg>
Package pdftex.def Info: images5/1.jpg  used on input line 132.
(pdftex.def)             Requested size: 142.17357pt x 122.85876pt.
 [14

] [15

] [16

] [17

] [18

] [19

] [20

]
Overfull \vbox (2.42094pt too high) detected at line 205
 []

[21

]
Overfull \vbox (2.42094pt too high) detected at line 205
 []

[22

]
Overfull \vbox (2.42094pt too high) detected at line 205
 []

[23

]
Overfull \vbox (2.42094pt too high) detected at line 205
 []

[24

] [25

] [26

] [27

] [28

] [29

] [30

] [31

] [32

] [33

] [34

] [35

] [36

] [37

] [38

] [39

] [40

]
<images5/Eflux.jpg, id=1299, 574.145pt x 348.30125pt>
File: images5/Eflux.jpg Graphic file (type jpg)
<use images5/Eflux.jpg>
Package pdftex.def Info: images5/Eflux.jpg  used on input line 392.
(pdftex.def)             Requested size: 142.95769pt x 86.72377pt.
 [41

 <e:/Digipen/PHY250/2021/Slides/08.Light/images5/Eflux.jpg>]
File: images5/Eflux.jpg Graphic file (type jpg)
<use images5/Eflux.jpg>
Package pdftex.def Info: images5/Eflux.jpg  used on input line 392.
(pdftex.def)             Requested size: 142.95769pt x 86.72377pt.
 [42

]
<images5/Eflux2.jpg, id=1362, 448.67625pt x 524.96124pt>
File: images5/Eflux2.jpg Graphic file (type jpg)
<use images5/Eflux2.jpg>
Package pdftex.def Info: images5/Eflux2.jpg  used on input line 428.
(pdftex.def)             Requested size: 74.11739pt x 86.72377pt.
 [43

 <e:/Digipen/PHY250/2021/Slides/08.Light/images5/Eflux2.jpg>]
File: images5/Eflux2.jpg Graphic file (type jpg)
<use images5/Eflux2.jpg>
Package pdftex.def Info: images5/Eflux2.jpg  used on input line 428.
(pdftex.def)             Requested size: 74.11739pt x 86.72377pt.
 [44

]
File: images5/Eflux2.jpg Graphic file (type jpg)
<use images5/Eflux2.jpg>
Package pdftex.def Info: images5/Eflux2.jpg  used on input line 428.
(pdftex.def)             Requested size: 74.11739pt x 86.72377pt.
 [45

]
<images5/Eflux3.jpg, id=1457, 893.3375pt x 432.61626pt>
File: images5/Eflux3.jpg Graphic file (type jpg)
<use images5/Eflux3.jpg>
Package pdftex.def Info: images5/Eflux3.jpg  used on input line 462.
(pdftex.def)             Requested size: 149.23453pt x 72.26999pt.

Overfull \hbox (4.69453pt too wide) in paragraph at lines 462--462
 [] 
 []

[46

 <e:/Digipen/PHY250/2021/Slides/08.Light/images5/Eflux3.jpg>]
File: images5/Eflux3.jpg Graphic file (type jpg)
<use images5/Eflux3.jpg>
Package pdftex.def Info: images5/Eflux3.jpg  used on input line 462.
(pdftex.def)             Requested size: 149.23453pt x 72.26999pt.

Overfull \hbox (4.69453pt too wide) in paragraph at lines 462--462
 [] 
 []

[47

]
File: images5/Eflux3.jpg Graphic file (type jpg)
<use images5/Eflux3.jpg>
Package pdftex.def Info: images5/Eflux3.jpg  used on input line 462.
(pdftex.def)             Requested size: 149.23453pt x 72.26999pt.

Overfull \hbox (4.69453pt too wide) in paragraph at lines 462--462
 [] 
 []

[48

] [49

] [50

] [51

] [52

] [53

] [54

] [55

] [56

] [57

] [58

] [59

] [60

] [61

] [62

] [63

]
<images5/B.jpg, id=2017, 187.70125pt x 444.66125pt>
File: images5/B.jpg Graphic file (type jpg)
<use images5/B.jpg>
Package pdftex.def Info: images5/B.jpg  used on input line 639.
(pdftex.def)             Requested size: 45.7595pt x 108.405pt.
 [64

 <e:/Digipen/PHY250/2021/Slides/08.Light/images5/B.jpg>]
File: images5/B.jpg Graphic file (type jpg)
<use images5/B.jpg>
Package pdftex.def Info: images5/B.jpg  used on input line 639.
(pdftex.def)             Requested size: 45.7595pt x 108.405pt.
 [65

]
File: images5/B.jpg Graphic file (type jpg)
<use images5/B.jpg>
Package pdftex.def Info: images5/B.jpg  used on input line 639.
(pdftex.def)             Requested size: 45.7595pt x 108.405pt.
 [66

]
File: images5/B.jpg Graphic file (type jpg)
<use images5/B.jpg>
Package pdftex.def Info: images5/B.jpg  used on input line 639.
(pdftex.def)             Requested size: 45.7595pt x 108.405pt.
 [67

]
File: images5/B.jpg Graphic file (type jpg)
<use images5/B.jpg>
Package pdftex.def Info: images5/B.jpg  used on input line 639.
(pdftex.def)             Requested size: 45.7595pt x 108.405pt.
 [68

] [69

]
<images5/BS.jpg, id=2206, 363.3575pt x 320.19624pt>
File: images5/BS.jpg Graphic file (type jpg)
<use images5/BS.jpg>
Package pdftex.def Info: images5/BS.jpg  used on input line 696.
(pdftex.def)             Requested size: 123.01318pt x 108.405pt.
 [70

 <e:/Digipen/PHY250/2021/Slides/08.Light/images5/BS.jpg>]
File: images5/BS.jpg Graphic file (type jpg)
<use images5/BS.jpg>
Package pdftex.def Info: images5/BS.jpg  used on input line 696.
(pdftex.def)             Requested size: 123.01318pt x 108.405pt.
 [71

] [72

] [73

] [74

] [75

] [76

] [77

]
<images5/ferromagnetic.jpg, id=2456, 139.52126pt x 383.4325pt>
File: images5/ferromagnetic.jpg Graphic file (type jpg)
<use images5/ferromagnetic.jpg>
Package pdftex.def Info: images5/ferromagnetic.jpg  used on input line 799.
(pdftex.def)             Requested size: 39.44463pt x 108.405pt.
 [78

 <e:/Digipen/PHY250/2021/Slides/08.Light/images5/ferromagnetic.jpg>]
File: images5/ferromagnetic.jpg Graphic file (type jpg)
<use images5/ferromagnetic.jpg>
Package pdftex.def Info: images5/ferromagnetic.jpg  used on input line 799.
(pdftex.def)             Requested size: 39.44463pt x 108.405pt.
 [79

]
File: images5/ferromagnetic.jpg Graphic file (type jpg)
<use images5/ferromagnetic.jpg>
Package pdftex.def Info: images5/ferromagnetic.jpg  used on input line 799.
(pdftex.def)             Requested size: 39.44463pt x 108.405pt.
 [80

] [81

] [82

] [83

] [84

]
<images5/Maxwell_EQ.jpg, id=2673, 1114.1625pt x 702.625pt>
File: images5/Maxwell_EQ.jpg Graphic file (type jpg)
<use images5/Maxwell_EQ.jpg>
Package pdftex.def Info: images5/Maxwell_EQ.jpg  used on input line 840.
(pdftex.def)             Requested size: 263.5793pt x 166.2212pt.
 [85

 <e:/Digipen/PHY250/2021/Slides/08.Light/images5/Maxwell_EQ.jpg>]
<images5/antenna1.jpg, id=2706, 513.92pt x 896.34875pt>
File: images5/antenna1.jpg Graphic file (type jpg)
<use images5/antenna1.jpg>
Package pdftex.def Info: images5/antenna1.jpg  used on input line 873.
(pdftex.def)             Requested size: 95.30112pt x 166.2212pt.
 [86

 <e:/Digipen/PHY250/2021/Slides/08.Light/images5/antenna1.jpg>]
File: images5/antenna1.jpg Graphic file (type jpg)
<use images5/antenna1.jpg>
Package pdftex.def Info: images5/antenna1.jpg  used on input line 873.
(pdftex.def)             Requested size: 95.30112pt x 166.2212pt.
 [87

]
File: images5/antenna1.jpg Graphic file (type jpg)
<use images5/antenna1.jpg>
Package pdftex.def Info: images5/antenna1.jpg  used on input line 873.
(pdftex.def)             Requested size: 95.30112pt x 166.2212pt.
 [88

]
<images5/antenna2.jpg, id=2800, 327.2225pt x 409.53pt>
File: images5/antenna2.jpg Graphic file (type jpg)
<use images5/antenna2.jpg>
Package pdftex.def Info: images5/antenna2.jpg  used on input line 904.
(pdftex.def)             Requested size: 98.1675pt x 122.85876pt.
 [89

 <e:/Digipen/PHY250/2021/Slides/08.Light/images5/antenna2.jpg>]
File: images5/antenna2.jpg Graphic file (type jpg)
<use images5/antenna2.jpg>
Package pdftex.def Info: images5/antenna2.jpg  used on input line 904.
(pdftex.def)             Requested size: 98.1675pt x 122.85876pt.
 [90

]
File: images5/antenna2.jpg Graphic file (type jpg)
<use images5/antenna2.jpg>
Package pdftex.def Info: images5/antenna2.jpg  used on input line 904.
(pdftex.def)             Requested size: 98.1675pt x 122.85876pt.
 [91

]
<images5/antenna3.jpg, id=2895, 552.0625pt x 492.84125pt>
File: images5/antenna3.jpg Graphic file (type jpg)
<use images5/antenna3.jpg>
Package pdftex.def Info: images5/antenna3.jpg  used on input line 945.
(pdftex.def)             Requested size: 137.61935pt x 122.85876pt.
 [92

 <e:/Digipen/PHY250/2021/Slides/08.Light/images5/antenna3.jpg>]
File: images5/antenna3.jpg Graphic file (type jpg)
<use images5/antenna3.jpg>
Package pdftex.def Info: images5/antenna3.jpg  used on input line 945.
(pdftex.def)             Requested size: 137.61935pt x 122.85876pt.
 [93

]
File: images5/antenna3.jpg Graphic file (type jpg)
<use images5/antenna3.jpg>
Package pdftex.def Info: images5/antenna3.jpg  used on input line 945.
(pdftex.def)             Requested size: 137.61935pt x 122.85876pt.
 [94

]
File: images5/antenna3.jpg Graphic file (type jpg)
<use images5/antenna3.jpg>
Package pdftex.def Info: images5/antenna3.jpg  used on input line 945.
(pdftex.def)             Requested size: 137.61935pt x 122.85876pt.
 [95

]
File: images5/antenna3.jpg Graphic file (type jpg)
<use images5/antenna3.jpg>
Package pdftex.def Info: images5/antenna3.jpg  used on input line 945.
(pdftex.def)             Requested size: 137.61935pt x 122.85876pt.
 [96

]
File: images5/antenna3.jpg Graphic file (type jpg)
<use images5/antenna3.jpg>
Package pdftex.def Info: images5/antenna3.jpg  used on input line 945.
(pdftex.def)             Requested size: 137.61935pt x 122.85876pt.
 [97

] [98

] [99

] [100

] [101

] [102

] [103

]
<images5/EMwave.jpg, id=3271, 1199.48125pt x 318.18875pt>
File: images5/EMwave.jpg Graphic file (type jpg)
<use images5/EMwave.jpg>
Package pdftex.def Info: images5/EMwave.jpg  used on input line 1013.
(pdftex.def)             Requested size: 163.46039pt x 43.36243pt.
 [104

 <e:/Digipen/PHY250/2021/Slides/08.Light/images5/EMwave.jpg>]
File: images5/EMwave.jpg Graphic file (type jpg)
<use images5/EMwave.jpg>
Package pdftex.def Info: images5/EMwave.jpg  used on input line 1013.
(pdftex.def)             Requested size: 163.46039pt x 43.36243pt.
 [105

]
File: images5/EMwave.jpg Graphic file (type jpg)
<use images5/EMwave.jpg>
Package pdftex.def Info: images5/EMwave.jpg  used on input line 1013.
(pdftex.def)             Requested size: 163.46039pt x 43.36243pt.
 [106

]
File: images5/EMwave.jpg Graphic file (type jpg)
<use images5/EMwave.jpg>
Package pdftex.def Info: images5/EMwave.jpg  used on input line 1013.
(pdftex.def)             Requested size: 163.46039pt x 43.36243pt.
 [107

]
File: images5/EMwave.jpg Graphic file (type jpg)
<use images5/EMwave.jpg>
Package pdftex.def Info: images5/EMwave.jpg  used on input line 1013.
(pdftex.def)             Requested size: 163.46039pt x 43.36243pt.
 [108

]
File: images5/EMwave.jpg Graphic file (type jpg)
<use images5/EMwave.jpg>
Package pdftex.def Info: images5/EMwave.jpg  used on input line 1013.
(pdftex.def)             Requested size: 163.46039pt x 43.36243pt.
 [109

] [110

] [111

] [112

]
<images5/Maxwell_EQ2.jpg, id=3552, 441.65pt x 503.8825pt>
File: images5/Maxwell_EQ2.jpg Graphic file (type jpg)
<use images5/Maxwell_EQ2.jpg>
Package pdftex.def Info: images5/Maxwell_EQ2.jpg  used on input line 1055.
(pdftex.def)             Requested size: 107.6829pt x 122.85876pt.
 [113

 <e:/Digipen/PHY250/2021/Slides/08.Light/images5/Maxwell_EQ2.jpg>] [114

] [115

] [116

] [117

]
<images5/EMwave2.jpg, id=3709, 649.42625pt x 492.84125pt>
File: images5/EMwave2.jpg Graphic file (type jpg)
<use images5/EMwave2.jpg>
Package pdftex.def Info: images5/EMwave2.jpg  used on input line 1135.
(pdftex.def)             Requested size: 133.32152pt x 101.17755pt.
 [118

 <e:/Digipen/PHY250/2021/Slides/08.Light/images5/EMwave2.jpg>]
File: images5/EMwave2.jpg Graphic file (type jpg)
<use images5/EMwave2.jpg>
Package pdftex.def Info: images5/EMwave2.jpg  used on input line 1135.
(pdftex.def)             Requested size: 133.32152pt x 101.17755pt.
 [119

]
File: images5/EMwave2.jpg Graphic file (type jpg)
<use images5/EMwave2.jpg>
Package pdftex.def Info: images5/EMwave2.jpg  used on input line 1135.
(pdftex.def)             Requested size: 133.32152pt x 101.17755pt.
 [120

]
File: images5/EMwave2.jpg Graphic file (type jpg)
<use images5/EMwave2.jpg>
Package pdftex.def Info: images5/EMwave2.jpg  used on input line 1135.
(pdftex.def)             Requested size: 133.32152pt x 101.17755pt.
 [121

]
File: images5/EMwave2.jpg Graphic file (type jpg)
<use images5/EMwave2.jpg>
Package pdftex.def Info: images5/EMwave2.jpg  used on input line 1193.
(pdftex.def)             Requested size: 133.32152pt x 101.17755pt.
 [122

]
File: images5/EMwave2.jpg Graphic file (type jpg)
<use images5/EMwave2.jpg>
Package pdftex.def Info: images5/EMwave2.jpg  used on input line 1193.
(pdftex.def)             Requested size: 133.32152pt x 101.17755pt.
 [123

]
File: images5/EMwave2.jpg Graphic file (type jpg)
<use images5/EMwave2.jpg>
Package pdftex.def Info: images5/EMwave2.jpg  used on input line 1193.
(pdftex.def)             Requested size: 133.32152pt x 101.17755pt.
 [124

]
File: images5/EMwave2.jpg Graphic file (type jpg)
<use images5/EMwave2.jpg>
Package pdftex.def Info: images5/EMwave2.jpg  used on input line 1193.
(pdftex.def)             Requested size: 133.32152pt x 101.17755pt.
 [125

]
<images5/EMwave3.jpg, id=3960, 636.3775pt x 442.65375pt>
File: images5/EMwave3.jpg Graphic file (type jpg)
<use images5/EMwave3.jpg>
Package pdftex.def Info: images5/EMwave3.jpg  used on input line 1247.
(pdftex.def)             Requested size: 145.45097pt x 101.17755pt.

Overfull \hbox (0.91098pt too wide) in paragraph at lines 1247--1247
 [] 
 []

[126

 <e:/Digipen/PHY250/2021/Slides/08.Light/images5/EMwave3.jpg>]
File: images5/EMwave3.jpg Graphic file (type jpg)
<use images5/EMwave3.jpg>
Package pdftex.def Info: images5/EMwave3.jpg  used on input line 1247.
(pdftex.def)             Requested size: 145.45097pt x 101.17755pt.

Overfull \hbox (0.91098pt too wide) in paragraph at lines 1247--1247
 [] 
 []

[127

]
File: images5/EMwave3.jpg Graphic file (type jpg)
<use images5/EMwave3.jpg>
Package pdftex.def Info: images5/EMwave3.jpg  used on input line 1247.
(pdftex.def)             Requested size: 145.45097pt x 101.17755pt.

Overfull \hbox (0.91098pt too wide) in paragraph at lines 1247--1247
 [] 
 []

[128

]
File: images5/EMwave3.jpg Graphic file (type jpg)
<use images5/EMwave3.jpg>
Package pdftex.def Info: images5/EMwave3.jpg  used on input line 1247.
(pdftex.def)             Requested size: 145.45097pt x 101.17755pt.

Overfull \hbox (0.91098pt too wide) in paragraph at lines 1247--1247
 [] 
 []

[129

]
File: images5/EMwave3.jpg Graphic file (type jpg)
<use images5/EMwave3.jpg>
Package pdftex.def Info: images5/EMwave3.jpg  used on input line 1247.
(pdftex.def)             Requested size: 145.45097pt x 101.17755pt.

Overfull \hbox (0.91098pt too wide) in paragraph at lines 1247--1247
 [] 
 []

[130

] [131

] [132

] [133

] [134

] [135

] [136

] [137

] [138

] [139

] [140

] [141

] [142

] [143

] [144

] [145

] [146

] [147

]
<images5/Michelson.jpg, id=4656, 931.48pt x 521.95pt>
File: images5/Michelson.jpg Graphic file (type jpg)
<use images5/Michelson.jpg>
Package pdftex.def Info: images5/Michelson.jpg  used on input line 1434.
(pdftex.def)             Requested size: 257.94154pt x 144.54pt.
 [148

 <e:/Digipen/PHY250/2021/Slides/08.Light/images5/Michelson.jpg>]
<images5/spectrum.jpg, id=4688, 1867.97874pt x 647.41875pt>
File: images5/spectrum.jpg Graphic file (type jpg)
<use images5/spectrum.jpg>
Package pdftex.def Info: images5/spectrum.jpg  used on input line 1455.
(pdftex.def)             Requested size: 312.76369pt x 108.405pt.

Overfull \hbox (5.47382pt too wide) in paragraph at lines 1455--1455
 [] 
 []

[149

 <e:/Digipen/PHY250/2021/Slides/08.Light/images5/spectrum.jpg>]
<images5/spectrum2.jpg, id=4720, 1867.97874pt x 647.41875pt>
File: images5/spectrum2.jpg Graphic file (type jpg)
<use images5/spectrum2.jpg>
Package pdftex.def Info: images5/spectrum2.jpg  used on input line 1477.
(pdftex.def)             Requested size: 312.76369pt x 108.405pt.

Overfull \hbox (5.47382pt too wide) in paragraph at lines 1477--1477
 [] 
 []

[150

 <e:/Digipen/PHY250/2021/Slides/08.Light/images5/spectrum2.jpg>]
<images5/spectrum3.jpg, id=4752, 1867.97874pt x 647.41875pt>
File: images5/spectrum3.jpg Graphic file (type jpg)
<use images5/spectrum3.jpg>
Package pdftex.def Info: images5/spectrum3.jpg  used on input line 1498.
(pdftex.def)             Requested size: 312.76369pt x 108.405pt.

Overfull \hbox (5.47382pt too wide) in paragraph at lines 1498--1498
 [] 
 []

[151

 <e:/Digipen/PHY250/2021/Slides/08.Light/images5/spectrum3.jpg>]
<images5/spectrum4.jpg, id=4785, 1867.97874pt x 647.41875pt>
File: images5/spectrum4.jpg Graphic file (type jpg)
<use images5/spectrum4.jpg>
Package pdftex.def Info: images5/spectrum4.jpg  used on input line 1519.
(pdftex.def)             Requested size: 312.76369pt x 108.405pt.

Overfull \hbox (5.47382pt too wide) in paragraph at lines 1519--1519
 [] 
 []

[152

 <e:/Digipen/PHY250/2021/Slides/08.Light/images5/spectrum4.jpg>]
<images5/spectrum5.jpg, id=4817, 1867.97874pt x 647.41875pt>
File: images5/spectrum5.jpg Graphic file (type jpg)
<use images5/spectrum5.jpg>
Package pdftex.def Info: images5/spectrum5.jpg  used on input line 1540.
(pdftex.def)             Requested size: 312.76369pt x 108.405pt.

Overfull \hbox (5.47382pt too wide) in paragraph at lines 1540--1540
 [] 
 []

[153

 <e:/Digipen/PHY250/2021/Slides/08.Light/images5/spectrum5.jpg>] [154

]
<images5/NSspectrum.jpg, id=4883, 569.12625pt x 422.57875pt>
File: images5/NSspectrum.jpg Graphic file (type jpg)
<use images5/NSspectrum.jpg>
Package pdftex.def Info: images5/NSspectrum.jpg  used on input line 1579.
(pdftex.def)             Requested size: 194.66403pt x 144.54pt.
 [155

 <e:/Digipen/PHY250/2021/Slides/08.Light/images5/NSspectrum.jpg>]
<images5/Huygen.jpg, id=4915, 566.115pt x 685.56125pt>
File: images5/Huygen.jpg Graphic file (type jpg)
<use images5/Huygen.jpg>
Package pdftex.def Info: images5/Huygen.jpg  used on input line 1603.
(pdftex.def)             Requested size: 77.57974pt x 93.95122pt.
 [156

 <e:/Digipen/PHY250/2021/Slides/08.Light/images5/Huygen.jpg>]
<images5/diffraction.jpg, id=4947, 264.99pt x 942.52126pt>
File: images5/diffraction.jpg Graphic file (type jpg)
<use images5/diffraction.jpg>
Package pdftex.def Info: images5/diffraction.jpg  used on input line 1651.
(pdftex.def)             Requested size: 46.72975pt x 166.2212pt.
 [157

 <e:/Digipen/PHY250/2021/Slides/08.Light/images5/diffraction.jpg>]
File: images5/diffraction.jpg Graphic file (type jpg)
<use images5/diffraction.jpg>
Package pdftex.def Info: images5/diffraction.jpg  used on input line 1651.
(pdftex.def)             Requested size: 46.72975pt x 166.2212pt.
 [158

]
File: images5/diffraction.jpg Graphic file (type jpg)
<use images5/diffraction.jpg>
Package pdftex.def Info: images5/diffraction.jpg  used on input line 1651.
(pdftex.def)             Requested size: 46.72975pt x 166.2212pt.
 [159

]
File: images5/diffraction.jpg Graphic file (type jpg)
<use images5/diffraction.jpg>
Package pdftex.def Info: images5/diffraction.jpg  used on input line 1651.
(pdftex.def)             Requested size: 46.72975pt x 166.2212pt.
 [160

]
File: images5/diffraction.jpg Graphic file (type jpg)
<use images5/diffraction.jpg>
Package pdftex.def Info: images5/diffraction.jpg  used on input line 1651.
(pdftex.def)             Requested size: 46.72975pt x 166.2212pt.
 [161

]
<images5/Refraction0.jpg, id=5104, 659.46375pt x 414.54875pt>
File: images5/Refraction0.jpg Graphic file (type jpg)
<use images5/Refraction0.jpg>
Package pdftex.def Info: images5/Refraction0.jpg  used on input line 1675.
(pdftex.def)             Requested size: 206.93723pt x 130.08621pt.
 [162

 <e:/Digipen/PHY250/2021/Slides/08.Light/images5/Refraction0.jpg>]
File: images5/Refraction0.jpg Graphic file (type jpg)
<use images5/Refraction0.jpg>
Package pdftex.def Info: images5/Refraction0.jpg  used on input line 1675.
(pdftex.def)             Requested size: 206.93723pt x 130.08621pt.
 [163

]
<images5/Refraction.jpg, id=5168, 659.46375pt x 414.54875pt>
File: images5/Refraction.jpg Graphic file (type jpg)
<use images5/Refraction.jpg>
Package pdftex.def Info: images5/Refraction.jpg  used on input line 1724.
(pdftex.def)             Requested size: 172.44266pt x 108.405pt.

Overfull \hbox (27.90266pt too wide) in paragraph at lines 1724--1724
 [] 
 []

[164

 <e:/Digipen/PHY250/2021/Slides/08.Light/images5/Refraction.jpg>]
File: images5/Refraction.jpg Graphic file (type jpg)
<use images5/Refraction.jpg>
Package pdftex.def Info: images5/Refraction.jpg  used on input line 1724.
(pdftex.def)             Requested size: 172.44266pt x 108.405pt.

Overfull \hbox (27.90266pt too wide) in paragraph at lines 1724--1724
 [] 
 []

[165

]
File: images5/Refraction.jpg Graphic file (type jpg)
<use images5/Refraction.jpg>
Package pdftex.def Info: images5/Refraction.jpg  used on input line 1724.
(pdftex.def)             Requested size: 172.44266pt x 108.405pt.

Overfull \hbox (27.90266pt too wide) in paragraph at lines 1724--1724
 [] 
 []

[166

]
File: images5/Refraction.jpg Graphic file (type jpg)
<use images5/Refraction.jpg>
Package pdftex.def Info: images5/Refraction.jpg  used on input line 1724.
(pdftex.def)             Requested size: 172.44266pt x 108.405pt.

Overfull \hbox (27.90266pt too wide) in paragraph at lines 1724--1724
 [] 
 []

[167

] [168

] [169

] [170

] [171

] [172

] [173

] [174

] [175

] [176

] [177

]
<images5/mirages.jpg, id=5605, 1673.25125pt x 780.9175pt>
File: images5/mirages.jpg Graphic file (type jpg)
<use images5/mirages.jpg>
Package pdftex.def Info: images5/mirages.jpg  used on input line 1837.
(pdftex.def)             Requested size: 263.23209pt x 122.85876pt.
 [178

 <e:/Digipen/PHY250/2021/Slides/08.Light/images5/mirages.jpg>]
<images5/doubleslit.jpg, id=5637, 952.55875pt x 254.9525pt>
File: images5/doubleslit.jpg Graphic file (type jpg)
<use images5/doubleslit.jpg>
Package pdftex.def Info: images5/doubleslit.jpg  used on input line 1861.
(pdftex.def)             Requested size: 324.02557pt x 86.72377pt.

Overfull \hbox (16.7357pt too wide) in paragraph at lines 1861--1861
 [] 
 []

[179

 <e:/Digipen/PHY250/2021/Slides/08.Light/images5/doubleslit.jpg>]
<images5/doubleslit2.jpg, id=5669, 1700.3525pt x 510.90875pt>
File: images5/doubleslit2.jpg Graphic file (type jpg)
<use images5/doubleslit2.jpg>
Package pdftex.def Info: images5/doubleslit2.jpg  used on input line 1897.
(pdftex.def)             Requested size: 288.61504pt x 86.72377pt.
 [180

 <e:/Digipen/PHY250/2021/Slides/08.Light/images5/doubleslit2.jpg>]
File: images5/doubleslit2.jpg Graphic file (type jpg)
<use images5/doubleslit2.jpg>
Package pdftex.def Info: images5/doubleslit2.jpg  used on input line 1897.
(pdftex.def)             Requested size: 288.61504pt x 86.72377pt.
 [181

]
File: images5/doubleslit2.jpg Graphic file (type jpg)
<use images5/doubleslit2.jpg>
Package pdftex.def Info: images5/doubleslit2.jpg  used on input line 1897.
(pdftex.def)             Requested size: 288.61504pt x 86.72377pt.
 [182

]
File: images5/doubleslit2.jpg Graphic file (type jpg)
<use images5/doubleslit2.jpg>
Package pdftex.def Info: images5/doubleslit2.jpg  used on input line 1897.
(pdftex.def)             Requested size: 288.61504pt x 86.72377pt.
 [183

]
File: images5/doubleslit2.jpg Graphic file (type jpg)
<use images5/doubleslit2.jpg>
Package pdftex.def Info: images5/doubleslit2.jpg  used on input line 1897.
(pdftex.def)             Requested size: 288.61504pt x 86.72377pt.
 [184

]
File: images5/doubleslit2.jpg Graphic file (type jpg)
<use images5/doubleslit2.jpg>
Package pdftex.def Info: images5/doubleslit2.jpg  used on input line 1928.
(pdftex.def)             Requested size: 288.61504pt x 86.72377pt.
 [185

]
File: images5/doubleslit2.jpg Graphic file (type jpg)
<use images5/doubleslit2.jpg>
Package pdftex.def Info: images5/doubleslit2.jpg  used on input line 1928.
(pdftex.def)             Requested size: 288.61504pt x 86.72377pt.
 [186

]
File: images5/doubleslit2.jpg Graphic file (type jpg)
<use images5/doubleslit2.jpg>
Package pdftex.def Info: images5/doubleslit2.jpg  used on input line 1928.
(pdftex.def)             Requested size: 288.61504pt x 86.72377pt.
 [187

]
File: images5/doubleslit2.jpg Graphic file (type jpg)
<use images5/doubleslit2.jpg>
Package pdftex.def Info: images5/doubleslit2.jpg  used on input line 1928.
(pdftex.def)             Requested size: 288.61504pt x 86.72377pt.
 [188

]
File: images5/doubleslit2.jpg Graphic file (type jpg)
<use images5/doubleslit2.jpg>
Package pdftex.def Info: images5/doubleslit2.jpg  used on input line 1963.
(pdftex.def)             Requested size: 288.61504pt x 86.72377pt.
 [189

]
File: images5/doubleslit2.jpg Graphic file (type jpg)
<use images5/doubleslit2.jpg>
Package pdftex.def Info: images5/doubleslit2.jpg  used on input line 1963.
(pdftex.def)             Requested size: 288.61504pt x 86.72377pt.
 [190

]
File: images5/doubleslit2.jpg Graphic file (type jpg)
<use images5/doubleslit2.jpg>
Package pdftex.def Info: images5/doubleslit2.jpg  used on input line 1963.
(pdftex.def)             Requested size: 288.61504pt x 86.72377pt.
 [191

]
File: images5/doubleslit2.jpg Graphic file (type jpg)
<use images5/doubleslit2.jpg>
Package pdftex.def Info: images5/doubleslit2.jpg  used on input line 1963.
(pdftex.def)             Requested size: 288.61504pt x 86.72377pt.
 [192

]
File: images5/doubleslit2.jpg Graphic file (type jpg)
<use images5/doubleslit2.jpg>
Package pdftex.def Info: images5/doubleslit2.jpg  used on input line 1963.
(pdftex.def)             Requested size: 288.61504pt x 86.72377pt.
 [193

]
File: images5/doubleslit2.jpg Graphic file (type jpg)
<use images5/doubleslit2.jpg>
Package pdftex.def Info: images5/doubleslit2.jpg  used on input line 1963.
(pdftex.def)             Requested size: 288.61504pt x 86.72377pt.
 [194

]
File: images5/doubleslit2.jpg Graphic file (type jpg)
<use images5/doubleslit2.jpg>
Package pdftex.def Info: images5/doubleslit2.jpg  used on input line 1993.
(pdftex.def)             Requested size: 288.61504pt x 86.72377pt.
 [195

]
File: images5/doubleslit2.jpg Graphic file (type jpg)
<use images5/doubleslit2.jpg>
Package pdftex.def Info: images5/doubleslit2.jpg  used on input line 1993.
(pdftex.def)             Requested size: 288.61504pt x 86.72377pt.
 [196

]
File: images5/doubleslit2.jpg Graphic file (type jpg)
<use images5/doubleslit2.jpg>
Package pdftex.def Info: images5/doubleslit2.jpg  used on input line 1993.
(pdftex.def)             Requested size: 288.61504pt x 86.72377pt.
 [197

]
File: images5/doubleslit2.jpg Graphic file (type jpg)
<use images5/doubleslit2.jpg>
Package pdftex.def Info: images5/doubleslit2.jpg  used on input line 1993.
(pdftex.def)             Requested size: 288.61504pt x 86.72377pt.
 [198

]
File: images5/doubleslit2.jpg Graphic file (type jpg)
<use images5/doubleslit2.jpg>
Package pdftex.def Info: images5/doubleslit2.jpg  used on input line 2022.
(pdftex.def)             Requested size: 288.61504pt x 86.72377pt.
 [199

]
File: images5/doubleslit2.jpg Graphic file (type jpg)
<use images5/doubleslit2.jpg>
Package pdftex.def Info: images5/doubleslit2.jpg  used on input line 2049.
(pdftex.def)             Requested size: 288.61504pt x 86.72377pt.
 [200

]
File: images5/doubleslit2.jpg Graphic file (type jpg)
<use images5/doubleslit2.jpg>
Package pdftex.def Info: images5/doubleslit2.jpg  used on input line 2049.
(pdftex.def)             Requested size: 288.61504pt x 86.72377pt.
 [201

]
File: images5/doubleslit2.jpg Graphic file (type jpg)
<use images5/doubleslit2.jpg>
Package pdftex.def Info: images5/doubleslit2.jpg  used on input line 2049.
(pdftex.def)             Requested size: 288.61504pt x 86.72377pt.
 [202

]
File: images5/doubleslit2.jpg Graphic file (type jpg)
<use images5/doubleslit2.jpg>
Package pdftex.def Info: images5/doubleslit2.jpg  used on input line 2078.
(pdftex.def)             Requested size: 288.61504pt x 86.72377pt.
 [203

] [204

] [205

] [206

] [207

]
<images5/intexample.jpg, id=6543, 672.5125pt x 354.32375pt>
File: images5/intexample.jpg Graphic file (type jpg)
<use images5/intexample.jpg>
Package pdftex.def Info: images5/intexample.jpg  used on input line 2147.
(pdftex.def)             Requested size: 164.59769pt x 86.72377pt.
 [208

 <e:/Digipen/PHY250/2021/Slides/08.Light/images5/intexample.jpg>]
File: images5/intexample.jpg Graphic file (type jpg)
<use images5/intexample.jpg>
Package pdftex.def Info: images5/intexample.jpg  used on input line 2187.
(pdftex.def)             Requested size: 164.59769pt x 86.72377pt.
 [209

]
File: images5/intexample.jpg Graphic file (type jpg)
<use images5/intexample.jpg>
Package pdftex.def Info: images5/intexample.jpg  used on input line 2187.
(pdftex.def)             Requested size: 164.59769pt x 86.72377pt.
 [210

]
File: images5/intexample.jpg Graphic file (type jpg)
<use images5/intexample.jpg>
Package pdftex.def Info: images5/intexample.jpg  used on input line 2187.
(pdftex.def)             Requested size: 164.59769pt x 86.72377pt.
 [211

] [212

] [213

] [214

] [215

]
<images5/colors.jpg, id=6793, 643.40375pt x 298.11375pt>
File: images5/colors.jpg Graphic file (type jpg)
<use images5/colors.jpg>
Package pdftex.def Info: images5/colors.jpg  used on input line 2256.
(pdftex.def)             Requested size: 187.17136pt x 86.72377pt.
 [216

 <e:/Digipen/PHY250/2021/Slides/08.Light/images5/colors.jpg>] [217

] [218

] [219

] [220

] [221

]
<images5/intensity.jpg, id=6981, 1226.5825pt x 484.81125pt>
File: images5/intensity.jpg Graphic file (type jpg)
<use images5/intensity.jpg>
Package pdftex.def Info: images5/intensity.jpg  used on input line 2370.
(pdftex.def)             Requested size: 274.26599pt x 108.405pt.
 [222

 <e:/Digipen/PHY250/2021/Slides/08.Light/images5/intensity.jpg>]
File: images5/intensity.jpg Graphic file (type jpg)
<use images5/intensity.jpg>
Package pdftex.def Info: images5/intensity.jpg  used on input line 2370.
(pdftex.def)             Requested size: 274.26599pt x 108.405pt.
 [223

]
<images5/soap.jpg, id=7045, 787.94376pt x 255.95625pt>
File: images5/soap.jpg Graphic file (type jpg)
<use images5/soap.jpg>
Package pdftex.def Info: images5/soap.jpg  used on input line 2387.
(pdftex.def)             Requested size: 378.20871pt x 122.85876pt.

Overfull \hbox (70.91884pt too wide) in paragraph at lines 2387--2387
 [] 
 []

[224

 <e:/Digipen/PHY250/2021/Slides/08.Light/images5/soap.jpg>]
<images5/soap2.jpg, id=7077, 560.0925pt x 684.5575pt>
File: images5/soap2.jpg Graphic file (type jpg)
<use images5/soap2.jpg>
Package pdftex.def Info: images5/soap2.jpg  used on input line 2425.
(pdftex.def)             Requested size: 100.51317pt x 122.85876pt.
 [225

 <e:/Digipen/PHY250/2021/Slides/08.Light/images5/soap2.jpg>]
File: images5/soap2.jpg Graphic file (type jpg)
<use images5/soap2.jpg>
Package pdftex.def Info: images5/soap2.jpg  used on input line 2425.
(pdftex.def)             Requested size: 100.51317pt x 122.85876pt.
 [226

]
File: images5/soap2.jpg Graphic file (type jpg)
<use images5/soap2.jpg>
Package pdftex.def Info: images5/soap2.jpg  used on input line 2425.
(pdftex.def)             Requested size: 100.51317pt x 122.85876pt.
 [227

]
<images5/rings.jpg, id=7171, 878.28125pt x 369.38pt>
File: images5/rings.jpg Graphic file (type jpg)
<use images5/rings.jpg>
Package pdftex.def Info: images5/rings.jpg  used on input line 2443.
(pdftex.def)             Requested size: 292.12537pt x 122.85876pt.
 [228

 <e:/Digipen/PHY250/2021/Slides/08.Light/images5/rings.jpg>]
<images5/reflexion.jpg, id=7203, 300.12125pt x 482.80376pt>
File: images5/reflexion.jpg Graphic file (type jpg)
<use images5/reflexion.jpg>
Package pdftex.def Info: images5/reflexion.jpg  used on input line 2481.
(pdftex.def)             Requested size: 76.3719pt x 122.85876pt.
LaTeX Font Info:    Trying to load font information for TS1+cmss on input line 2481.
 (C:\Users\Ana\AppData\Local\Programs\MiKTeX\tex/latex/base\ts1cmss.fd
File: ts1cmss.fd 2019/12/16 v2.5j Standard LaTeX font definitions
) [229

 <e:/Digipen/PHY250/2021/Slides/08.Light/images5/reflexion.jpg>]
File: images5/reflexion.jpg Graphic file (type jpg)
<use images5/reflexion.jpg>
Package pdftex.def Info: images5/reflexion.jpg  used on input line 2481.
(pdftex.def)             Requested size: 76.3719pt x 122.85876pt.
 [230

]
<images5/soap3.jpg, id=7268, 617.30624pt x 554.07pt>
File: images5/soap3.jpg Graphic file (type jpg)
<use images5/soap3.jpg>
Package pdftex.def Info: images5/soap3.jpg  used on input line 2532.
(pdftex.def)             Requested size: 136.88159pt x 122.85876pt.
 [231

 <e:/Digipen/PHY250/2021/Slides/08.Light/images5/soap3.jpg>]
File: images5/soap3.jpg Graphic file (type jpg)
<use images5/soap3.jpg>
Package pdftex.def Info: images5/soap3.jpg  used on input line 2532.
(pdftex.def)             Requested size: 136.88159pt x 122.85876pt.
 [232

]
File: images5/soap3.jpg Graphic file (type jpg)
<use images5/soap3.jpg>
Package pdftex.def Info: images5/soap3.jpg  used on input line 2532.
(pdftex.def)             Requested size: 136.88159pt x 122.85876pt.
 [233

]
File: images5/soap3.jpg Graphic file (type jpg)
<use images5/soap3.jpg>
Package pdftex.def Info: images5/soap3.jpg  used on input line 2532.
(pdftex.def)             Requested size: 136.88159pt x 122.85876pt.
 [234

]
<images5/soap4.jpg, id=7393, 1284.8pt x 722.7pt>
File: images5/soap4.jpg Graphic file (type jpg)
<use images5/soap4.jpg>
Package pdftex.def Info: images5/soap4.jpg  used on input line 2551.
(pdftex.def)             Requested size: 256.95544pt x 144.54pt.
 [235

 <e:/Digipen/PHY250/2021/Slides/08.Light/images5/soap4.jpg>]
<images5/soap4b.jpg, id=7426, 1284.8pt x 722.7pt>
File: images5/soap4b.jpg Graphic file (type jpg)
<use images5/soap4b.jpg>
Package pdftex.def Info: images5/soap4b.jpg  used on input line 2568.
(pdftex.def)             Requested size: 256.95544pt x 144.54pt.
 [236

 <e:/Digipen/PHY250/2021/Slides/08.Light/images5/soap4b.jpg>]
<images5/soap4c.jpg, id=7458, 1284.8pt x 722.7pt>
File: images5/soap4c.jpg Graphic file (type jpg)
<use images5/soap4c.jpg>
Package pdftex.def Info: images5/soap4c.jpg  used on input line 2587.
(pdftex.def)             Requested size: 256.95544pt x 144.54pt.
 [237

 <e:/Digipen/PHY250/2021/Slides/08.Light/images5/soap4c.jpg>]
<images5/soap4d.jpg, id=7490, 1284.8pt x 722.7pt>
File: images5/soap4d.jpg Graphic file (type jpg)
<use images5/soap4d.jpg>
Package pdftex.def Info: images5/soap4d.jpg  used on input line 2606.
(pdftex.def)             Requested size: 256.95544pt x 144.54pt.
 [238

 <e:/Digipen/PHY250/2021/Slides/08.Light/images5/soap4d.jpg>]
<images5/soap4e.jpg, id=7522, 1284.8pt x 722.7pt>
File: images5/soap4e.jpg Graphic file (type jpg)
<use images5/soap4e.jpg>
Package pdftex.def Info: images5/soap4e.jpg  used on input line 2623.
(pdftex.def)             Requested size: 256.95544pt x 144.54pt.
 [239

 <e:/Digipen/PHY250/2021/Slides/08.Light/images5/soap4e.jpg>]
<images5/soap4f.jpg, id=7554, 1284.8pt x 722.7pt>
File: images5/soap4f.jpg Graphic file (type jpg)
<use images5/soap4f.jpg>
Package pdftex.def Info: images5/soap4f.jpg  used on input line 2640.
(pdftex.def)             Requested size: 256.95544pt x 144.54pt.
 [240

 <e:/Digipen/PHY250/2021/Slides/08.Light/images5/soap4f.jpg>]
<images5/Michelson2.jpg, id=7586, 614.295pt x 405.515pt>
File: images5/Michelson2.jpg Graphic file (type jpg)
<use images5/Michelson2.jpg>
Package pdftex.def Info: images5/Michelson2.jpg  used on input line 2658.
(pdftex.def)             Requested size: 208.01393pt x 137.31255pt.
 [241

 <e:/Digipen/PHY250/2021/Slides/08.Light/images5/Michelson2.jpg>] [242

] [243

] [244

] [245

] [246

]
\tf@nav=\write6
\openout6 = `08.Light.nav'.

\tf@toc=\write7
\openout7 = `08.Light.toc'.

\tf@snm=\write8
\openout8 = `08.Light.snm'.

Package atveryend Info: Empty hook `BeforeClearDocument' on input line 2765.
Package atveryend Info: Empty hook `AfterLastShipout' on input line 2765.
 (e:/Digipen\PHY250\2021\Slides\08.Light\08.Light.aux)
Package atveryend Info: Executing hook `AtVeryEndDocument' on input line 2765.
Package atveryend Info: Executing hook `AtEndAfterFileList' on input line 2765.
Package rerunfilecheck Info: File `08.Light.out' has not changed.
(rerunfilecheck)             Checksum: 912BF76A57A8479163C44F2C8E8EA898;355.
 ) 
Here is how much of TeX's memory you used:
 18867 strings out of 480790
 361987 string characters out of 2898239
 596954 words of memory out of 3000000
 33883 multiletter control sequences out of 15000+200000
 540671 words of font info for 53 fonts, out of 3000000 for 9000
 1141 hyphenation exceptions out of 8191
 58i,19n,67p,814b,575s stack positions out of 5000i,500n,10000p,200000b,50000s
 <C:\Users\Ana\AppData\Local\MiKTeX\fonts/pk/ljfour/jknappen/ec/dpi600\tcsx1095.pk><C:/Users/Ana/AppData/Local/Programs/MiKTeX/fonts/type1/public/amsfonts/cm/cmex10.pfb><C:/Users/Ana/AppData/Local/Programs/MiKTeX/fonts/type1/public/amsfonts/cm/cmmi10.pfb><C:/Users/Ana/AppData/Local/Programs/MiKTeX/fonts/type1/public/amsfonts/cm/cmmi6.pfb><C:/Users/Ana/AppData/Local/Programs/MiKTeX/fonts/type1/public/amsfonts/cm/cmmi8.pfb><C:/Users/Ana/AppData/Local/Programs/MiKTeX/fonts/type1/public/amsfonts/cm/cmss10.pfb><C:/Users/Ana/AppData/Local/Programs/MiKTeX/fonts/type1/public/amsfonts/cm/cmss12.pfb><C:/Users/Ana/AppData/Local/Programs/MiKTeX/fonts/type1/public/amsfonts/cm/cmss8.pfb><C:/Users/Ana/AppData/Local/Programs/MiKTeX/fonts/type1/public/amsfonts/cm/cmssbx10.pfb><C:/Users/Ana/AppData/Local/Programs/MiKTeX/fonts/type1/public/amsfonts/cm/cmssi10.pfb><C:/Users/Ana/AppData/Local/Programs/MiKTeX/fonts/type1/public/amsfonts/cm/cmssi8.pfb><C:/Users/Ana/AppData/Local/Programs/MiKTeX/fonts/type1/public/amsfonts/cm/cmsy10.pfb><C:/Users/Ana/AppData/Local/Programs/MiKTeX/fonts/type1/public/amsfonts/cm/cmsy8.pfb><C:/Users/Ana/AppData/Local/Programs/MiKTeX/fonts/type1/public/amsfonts/symbols/msam10.pfb><C:/Users/Ana/AppData/Local/Programs/MiKTeX/fonts/type1/public/amsfonts/symbols/msbm7.pfb>
Output written on e:/Digipen\PHY250\2021\Slides\08.Light\08.Light.pdf (246 pages, 4423637 bytes).
PDF statistics:
 7934 PDF objects out of 8907 (max. 8388607)
 501 named destinations out of 1000 (max. 500000)
 311 words of extra memory for PDF output out of 10000 (max. 10000000)

