This is pdfTeX, Version 3.14159265-2.6-1.40.21 (MiKTeX 20.6.29) (preloaded format=pdflatex 2020.9.16)  6 SEP 2021 19:29
entering extended mode
**e:/Digipen/PHY250/2021/Slides/01.Static_Fluids/Fluids.tex
(e:/Digipen/PHY250/2021/Slides/01.Static_Fluids/Fluids.tex
LaTeX2e <2020-02-02> patch level 5
L3 programming layer <2020-06-18> (C:\Users\Ana\AppData\Local\Programs\MiKTeX\tex/latex/beamer\beamer.cls
Document Class: beamer 2020/07/22 v3.59 A class for typesetting presentations
(C:\Users\Ana\AppData\Local\Programs\MiKTeX\tex/latex/beamer\beamerbasemodes.sty (C:\Users\Ana\AppData\Local\Programs\MiKTeX\tex/latex/etoolbox\etoolbox.sty
Package: etoolbox 2019/09/21 v2.5h e-TeX tools for LaTeX (JAW)
\etb@tempcnta=\count167
)
\beamer@tempbox=\box45
\beamer@tempcount=\count168
\c@beamerpauses=\count169
 (C:\Users\Ana\AppData\Local\Programs\MiKTeX\tex/latex/beamer\beamerbasedecode.sty
\beamer@slideinframe=\count170
\beamer@minimum=\count171
\beamer@decode@box=\box46
)
\beamer@commentbox=\box47
\beamer@modecount=\count172
) (C:\Users\Ana\AppData\Local\Programs\MiKTeX\tex/generic/iftex\ifpdf.sty
Package: ifpdf 2019/10/25 v3.4 ifpdf legacy package. Use iftex instead.
 (C:\Users\Ana\AppData\Local\Programs\MiKTeX\tex/generic/iftex\iftex.sty
Package: iftex 2020/03/06 v1.0d TeX engine tests
))
\headdp=\dimen134
\footheight=\dimen135
\sidebarheight=\dimen136
\beamer@tempdim=\dimen137
\beamer@finalheight=\dimen138
\beamer@animht=\dimen139
\beamer@animdp=\dimen140
\beamer@animwd=\dimen141
\beamer@leftmargin=\dimen142
\beamer@rightmargin=\dimen143
\beamer@leftsidebar=\dimen144
\beamer@rightsidebar=\dimen145
\beamer@boxsize=\dimen146
\beamer@vboxoffset=\dimen147
\beamer@descdefault=\dimen148
\beamer@descriptionwidth=\dimen149
\beamer@lastskip=\skip47
\beamer@areabox=\box48
\beamer@animcurrent=\box49
\beamer@animshowbox=\box50
\beamer@sectionbox=\box51
\beamer@logobox=\box52
\beamer@linebox=\box53
\beamer@sectioncount=\count173
\beamer@subsubsectionmax=\count174
\beamer@subsectionmax=\count175
\beamer@sectionmax=\count176
\beamer@totalheads=\count177
\beamer@headcounter=\count178
\beamer@partstartpage=\count179
\beamer@sectionstartpage=\count180
\beamer@subsectionstartpage=\count181
\beamer@animationtempa=\count182
\beamer@animationtempb=\count183
\beamer@xpos=\count184
\beamer@ypos=\count185
\beamer@ypos@offset=\count186
\beamer@showpartnumber=\count187
\beamer@currentsubsection=\count188
\beamer@coveringdepth=\count189
\beamer@sectionadjust=\count190
\beamer@tocsectionnumber=\count191
 (C:\Users\Ana\AppData\Local\Programs\MiKTeX\tex/latex/beamer\beamerbaseoptions.sty (C:\Users\Ana\AppData\Local\Programs\MiKTeX\tex/latex/graphics\keyval.sty
Package: keyval 2014/10/28 v1.15 key=value parser (DPC)
\KV@toks@=\toks15
))
\beamer@paperwidth=\skip48
\beamer@paperheight=\skip49
 (C:\Users\Ana\AppData\Local\Programs\MiKTeX\tex/latex/geometry\geometry.sty
Package: geometry 2020/01/02 v5.9 Page Geometry
 (C:\Users\Ana\AppData\Local\Programs\MiKTeX\tex/generic/iftex\ifvtex.sty
Package: ifvtex 2019/10/25 v1.7 ifvtex legacy package. Use iftex instead.
)
\Gm@cnth=\count192
\Gm@cntv=\count193
\c@Gm@tempcnt=\count194
\Gm@bindingoffset=\dimen150
\Gm@wd@mp=\dimen151
\Gm@odd@mp=\dimen152
\Gm@even@mp=\dimen153
\Gm@layoutwidth=\dimen154
\Gm@layoutheight=\dimen155
\Gm@layouthoffset=\dimen156
\Gm@layoutvoffset=\dimen157
\Gm@dimlist=\toks16
 (C:\Users\Ana\AppData\Local\Programs\MiKTeX\tex/latex/geometry\geometry.cfg)) (C:\Users\Ana\AppData\Local\Programs\MiKTeX\tex/latex/base\size11.clo
File: size11.clo 2019/12/20 v1.4l Standard LaTeX file (size option)
) (C:\Users\Ana\AppData\Local\Programs\MiKTeX\tex/latex/pgf/basiclayer\pgfcore.sty (C:\Users\Ana\AppData\Local\Programs\MiKTeX\tex/latex/graphics\graphicx.sty
Package: graphicx 2019/11/30 v1.2a Enhanced LaTeX Graphics (DPC,SPQR)
 (C:\Users\Ana\AppData\Local\Programs\MiKTeX\tex/latex/graphics\graphics.sty
Package: graphics 2019/11/30 v1.4a Standard LaTeX Graphics (DPC,SPQR)
 (C:\Users\Ana\AppData\Local\Programs\MiKTeX\tex/latex/graphics\trig.sty
Package: trig 2016/01/03 v1.10 sin cos tan (DPC)
) (C:\Users\Ana\AppData\Local\Programs\MiKTeX\tex/latex/graphics-cfg\graphics.cfg
File: graphics.cfg 2016/06/04 v1.11 sample graphics configuration
)
Package graphics Info: Driver file: pdftex.def on input line 105.
 (C:\Users\Ana\AppData\Local\Programs\MiKTeX\tex/latex/graphics-def\pdftex.def
File: pdftex.def 2018/01/08 v1.0l Graphics/color driver for pdftex
))
\Gin@req@height=\dimen158
\Gin@req@width=\dimen159
) (C:\Users\Ana\AppData\Local\Programs\MiKTeX\tex/latex/pgf/systemlayer\pgfsys.sty (C:\Users\Ana\AppData\Local\Programs\MiKTeX\tex/latex/pgf/utilities\pgfrcs.sty (C:\Users\Ana\AppData\Local\Programs\MiKTeX\tex/generic/pgf/utilities\pgfutil-common.tex
\pgfutil@everybye=\toks17
\pgfutil@tempdima=\dimen160
\pgfutil@tempdimb=\dimen161
 (C:\Users\Ana\AppData\Local\Programs\MiKTeX\tex/generic/pgf/utilities\pgfutil-common-lists.tex)) (C:\Users\Ana\AppData\Local\Programs\MiKTeX\tex/generic/pgf/utilities\pgfutil-latex.def
\pgfutil@abb=\box54
 (C:\Users\Ana\AppData\Local\Programs\MiKTeX\tex/latex/ms\everyshi.sty
Package: everyshi 2001/05/15 v3.00 EveryShipout Package (MS)
)) (C:\Users\Ana\AppData\Local\Programs\MiKTeX\tex/generic/pgf/utilities\pgfrcs.code.tex (C:\Users\Ana\AppData\Local\Programs\MiKTeX\tex/generic/pgf\pgf.revision.tex)
Package: pgfrcs 2020/01/08 v3.1.5b (3.1.5b)
)) (C:\Users\Ana\AppData\Local\Programs\MiKTeX\tex/generic/pgf/systemlayer\pgfsys.code.tex
Package: pgfsys 2020/01/08 v3.1.5b (3.1.5b)
 (C:\Users\Ana\AppData\Local\Programs\MiKTeX\tex/generic/pgf/utilities\pgfkeys.code.tex
\pgfkeys@pathtoks=\toks18
\pgfkeys@temptoks=\toks19
 (C:\Users\Ana\AppData\Local\Programs\MiKTeX\tex/generic/pgf/utilities\pgfkeysfiltered.code.tex
\pgfkeys@tmptoks=\toks20
))
\pgf@x=\dimen162
\pgf@y=\dimen163
\pgf@xa=\dimen164
\pgf@ya=\dimen165
\pgf@xb=\dimen166
\pgf@yb=\dimen167
\pgf@xc=\dimen168
\pgf@yc=\dimen169
\pgf@xd=\dimen170
\pgf@yd=\dimen171
\w@pgf@writea=\write3
\r@pgf@reada=\read2
\c@pgf@counta=\count195
\c@pgf@countb=\count196
\c@pgf@countc=\count197
\c@pgf@countd=\count198
\t@pgf@toka=\toks21
\t@pgf@tokb=\toks22
\t@pgf@tokc=\toks23
\pgf@sys@id@count=\count199
 (C:\Users\Ana\AppData\Local\Programs\MiKTeX\tex/generic/pgf/systemlayer\pgf.cfg
File: pgf.cfg 2020/01/08 v3.1.5b (3.1.5b)
)
Driver file for pgf: pgfsys-pdftex.def
 (C:\Users\Ana\AppData\Local\Programs\MiKTeX\tex/generic/pgf/systemlayer\pgfsys-pdftex.def
File: pgfsys-pdftex.def 2020/01/08 v3.1.5b (3.1.5b)
 (C:\Users\Ana\AppData\Local\Programs\MiKTeX\tex/generic/pgf/systemlayer\pgfsys-common-pdf.def
File: pgfsys-common-pdf.def 2020/01/08 v3.1.5b (3.1.5b)
))) (C:\Users\Ana\AppData\Local\Programs\MiKTeX\tex/generic/pgf/systemlayer\pgfsyssoftpath.code.tex
File: pgfsyssoftpath.code.tex 2020/01/08 v3.1.5b (3.1.5b)
\pgfsyssoftpath@smallbuffer@items=\count266
\pgfsyssoftpath@bigbuffer@items=\count267
) (C:\Users\Ana\AppData\Local\Programs\MiKTeX\tex/generic/pgf/systemlayer\pgfsysprotocol.code.tex
File: pgfsysprotocol.code.tex 2020/01/08 v3.1.5b (3.1.5b)
)) (C:\Users\Ana\AppData\Local\Programs\MiKTeX\tex/latex/xcolor\xcolor.sty
Package: xcolor 2016/05/11 v2.12 LaTeX color extensions (UK)
 (C:\Users\Ana\AppData\Local\Programs\MiKTeX\tex/latex/graphics-cfg\color.cfg
File: color.cfg 2016/01/02 v1.6 sample color configuration
)
Package xcolor Info: Driver file: pdftex.def on input line 225.
Package xcolor Info: Model `cmy' substituted by `cmy0' on input line 1348.
Package xcolor Info: Model `hsb' substituted by `rgb' on input line 1352.
Package xcolor Info: Model `RGB' extended on input line 1364.
Package xcolor Info: Model `HTML' substituted by `rgb' on input line 1366.
Package xcolor Info: Model `Hsb' substituted by `hsb' on input line 1367.
Package xcolor Info: Model `tHsb' substituted by `hsb' on input line 1368.
Package xcolor Info: Model `HSB' substituted by `hsb' on input line 1369.
Package xcolor Info: Model `Gray' substituted by `gray' on input line 1370.
Package xcolor Info: Model `wave' substituted by `hsb' on input line 1371.
) (C:\Users\Ana\AppData\Local\Programs\MiKTeX\tex/generic/pgf/basiclayer\pgfcore.code.tex
Package: pgfcore 2020/01/08 v3.1.5b (3.1.5b)
 (C:\Users\Ana\AppData\Local\Programs\MiKTeX\tex/generic/pgf/math\pgfmath.code.tex (C:\Users\Ana\AppData\Local\Programs\MiKTeX\tex/generic/pgf/math\pgfmathcalc.code.tex (C:\Users\Ana\AppData\Local\Programs\MiKTeX\tex/generic/pgf/math\pgfmathutil.code.tex) (C:\Users\Ana\AppData\Local\Programs\MiKTeX\tex/generic/pgf/math\pgfmathparser.code.tex
\pgfmath@dimen=\dimen172
\pgfmath@count=\count268
\pgfmath@box=\box55
\pgfmath@toks=\toks24
\pgfmath@stack@operand=\toks25
\pgfmath@stack@operation=\toks26
) (C:\Users\Ana\AppData\Local\Programs\MiKTeX\tex/generic/pgf/math\pgfmathfunctions.code.tex (C:\Users\Ana\AppData\Local\Programs\MiKTeX\tex/generic/pgf/math\pgfmathfunctions.basic.code.tex) (C:\Users\Ana\AppData\Local\Programs\MiKTeX\tex/generic/pgf/math\pgfmathfunctions.trigonometric.code.tex) (C:\Users\Ana\AppData\Local\Programs\MiKTeX\tex/generic/pgf/math\pgfmathfunctions.random.code.tex) (C:\Users\Ana\AppData\Local\Programs\MiKTeX\tex/generic/pgf/math\pgfmathfunctions.comparison.code.tex) (C:\Users\Ana\AppData\Local\Programs\MiKTeX\tex/generic/pgf/math\pgfmathfunctions.base.code.tex) (C:\Users\Ana\AppData\Local\Programs\MiKTeX\tex/generic/pgf/math\pgfmathfunctions.round.code.tex) (C:\Users\Ana\AppData\Local\Programs\MiKTeX\tex/generic/pgf/math\pgfmathfunctions.misc.code.tex) (C:\Users\Ana\AppData\Local\Programs\MiKTeX\tex/generic/pgf/math\pgfmathfunctions.integerarithmetics.code.tex))) (C:\Users\Ana\AppData\Local\Programs\MiKTeX\tex/generic/pgf/math\pgfmathfloat.code.tex
\c@pgfmathroundto@lastzeros=\count269
)) (C:\Users\Ana\AppData\Local\Programs\MiKTeX\tex/generic/pgf/math\pgfint.code.tex) (C:\Users\Ana\AppData\Local\Programs\MiKTeX\tex/generic/pgf/basiclayer\pgfcorepoints.code.tex
File: pgfcorepoints.code.tex 2020/01/08 v3.1.5b (3.1.5b)
\pgf@picminx=\dimen173
\pgf@picmaxx=\dimen174
\pgf@picminy=\dimen175
\pgf@picmaxy=\dimen176
\pgf@pathminx=\dimen177
\pgf@pathmaxx=\dimen178
\pgf@pathminy=\dimen179
\pgf@pathmaxy=\dimen180
\pgf@xx=\dimen181
\pgf@xy=\dimen182
\pgf@yx=\dimen183
\pgf@yy=\dimen184
\pgf@zx=\dimen185
\pgf@zy=\dimen186
) (C:\Users\Ana\AppData\Local\Programs\MiKTeX\tex/generic/pgf/basiclayer\pgfcorepathconstruct.code.tex
File: pgfcorepathconstruct.code.tex 2020/01/08 v3.1.5b (3.1.5b)
\pgf@path@lastx=\dimen187
\pgf@path@lasty=\dimen188
) (C:\Users\Ana\AppData\Local\Programs\MiKTeX\tex/generic/pgf/basiclayer\pgfcorepathusage.code.tex
File: pgfcorepathusage.code.tex 2020/01/08 v3.1.5b (3.1.5b)
\pgf@shorten@end@additional=\dimen189
\pgf@shorten@start@additional=\dimen190
) (C:\Users\Ana\AppData\Local\Programs\MiKTeX\tex/generic/pgf/basiclayer\pgfcorescopes.code.tex
File: pgfcorescopes.code.tex 2020/01/08 v3.1.5b (3.1.5b)
\pgfpic=\box56
\pgf@hbox=\box57
\pgf@layerbox@main=\box58
\pgf@picture@serial@count=\count270
) (C:\Users\Ana\AppData\Local\Programs\MiKTeX\tex/generic/pgf/basiclayer\pgfcoregraphicstate.code.tex
File: pgfcoregraphicstate.code.tex 2020/01/08 v3.1.5b (3.1.5b)
\pgflinewidth=\dimen191
) (C:\Users\Ana\AppData\Local\Programs\MiKTeX\tex/generic/pgf/basiclayer\pgfcoretransformations.code.tex
File: pgfcoretransformations.code.tex 2020/01/08 v3.1.5b (3.1.5b)
\pgf@pt@x=\dimen192
\pgf@pt@y=\dimen193
\pgf@pt@temp=\dimen194
) (C:\Users\Ana\AppData\Local\Programs\MiKTeX\tex/generic/pgf/basiclayer\pgfcorequick.code.tex
File: pgfcorequick.code.tex 2020/01/08 v3.1.5b (3.1.5b)
) (C:\Users\Ana\AppData\Local\Programs\MiKTeX\tex/generic/pgf/basiclayer\pgfcoreobjects.code.tex
File: pgfcoreobjects.code.tex 2020/01/08 v3.1.5b (3.1.5b)
) (C:\Users\Ana\AppData\Local\Programs\MiKTeX\tex/generic/pgf/basiclayer\pgfcorepathprocessing.code.tex
File: pgfcorepathprocessing.code.tex 2020/01/08 v3.1.5b (3.1.5b)
) (C:\Users\Ana\AppData\Local\Programs\MiKTeX\tex/generic/pgf/basiclayer\pgfcorearrows.code.tex
File: pgfcorearrows.code.tex 2020/01/08 v3.1.5b (3.1.5b)
\pgfarrowsep=\dimen195
) (C:\Users\Ana\AppData\Local\Programs\MiKTeX\tex/generic/pgf/basiclayer\pgfcoreshade.code.tex
File: pgfcoreshade.code.tex 2020/01/08 v3.1.5b (3.1.5b)
\pgf@max=\dimen196
\pgf@sys@shading@range@num=\count271
\pgf@shadingcount=\count272
) (C:\Users\Ana\AppData\Local\Programs\MiKTeX\tex/generic/pgf/basiclayer\pgfcoreimage.code.tex
File: pgfcoreimage.code.tex 2020/01/08 v3.1.5b (3.1.5b)
 (C:\Users\Ana\AppData\Local\Programs\MiKTeX\tex/generic/pgf/basiclayer\pgfcoreexternal.code.tex
File: pgfcoreexternal.code.tex 2020/01/08 v3.1.5b (3.1.5b)
\pgfexternal@startupbox=\box59
)) (C:\Users\Ana\AppData\Local\Programs\MiKTeX\tex/generic/pgf/basiclayer\pgfcorelayers.code.tex
File: pgfcorelayers.code.tex 2020/01/08 v3.1.5b (3.1.5b)
) (C:\Users\Ana\AppData\Local\Programs\MiKTeX\tex/generic/pgf/basiclayer\pgfcoretransparency.code.tex
File: pgfcoretransparency.code.tex 2020/01/08 v3.1.5b (3.1.5b)
) (C:\Users\Ana\AppData\Local\Programs\MiKTeX\tex/generic/pgf/basiclayer\pgfcorepatterns.code.tex
File: pgfcorepatterns.code.tex 2020/01/08 v3.1.5b (3.1.5b)
) (C:\Users\Ana\AppData\Local\Programs\MiKTeX\tex/generic/pgf/basiclayer\pgfcorerdf.code.tex
File: pgfcorerdf.code.tex 2020/01/08 v3.1.5b (3.1.5b)
))) (C:\Users\Ana\AppData\Local\Programs\MiKTeX\tex/latex/pgf/utilities\xxcolor.sty
Package: xxcolor 2003/10/24 ver 0.1
\XC@nummixins=\count273
\XC@countmixins=\count274
) (C:\Users\Ana\AppData\Local\Programs\MiKTeX\tex/generic/atbegshi\atbegshi.sty
Package: atbegshi 2019/12/05 v1.19 At begin shipout hook (HO)
 (C:\Users\Ana\AppData\Local\Programs\MiKTeX\tex/generic/infwarerr\infwarerr.sty
Package: infwarerr 2019/12/03 v1.5 Providing info/warning/error messages (HO)
) (C:\Users\Ana\AppData\Local\Programs\MiKTeX\tex/generic/ltxcmds\ltxcmds.sty
Package: ltxcmds 2019/12/15 v1.24 LaTeX kernel commands for general use (HO)
)) (C:\Users\Ana\AppData\Local\Programs\MiKTeX\tex/latex/hyperref\hyperref.sty
Package: hyperref 2020-05-15 v7.00e Hypertext links for LaTeX
 (C:\Users\Ana\AppData\Local\Programs\MiKTeX\tex/generic/pdftexcmds\pdftexcmds.sty
Package: pdftexcmds 2020-06-27 v0.33 Utility functions of pdfTeX for LuaTeX (HO)
Package pdftexcmds Info: \pdf@primitive is available.
Package pdftexcmds Info: \pdf@ifprimitive is available.
Package pdftexcmds Info: \pdfdraftmode found.
) (C:\Users\Ana\AppData\Local\Programs\MiKTeX\tex/generic/kvsetkeys\kvsetkeys.sty
Package: kvsetkeys 2019/12/15 v1.18 Key value parser (HO)
) (C:\Users\Ana\AppData\Local\Programs\MiKTeX\tex/generic/kvdefinekeys\kvdefinekeys.sty
Package: kvdefinekeys 2019-12-19 v1.6 Define keys (HO)
) (C:\Users\Ana\AppData\Local\Programs\MiKTeX\tex/generic/pdfescape\pdfescape.sty
Package: pdfescape 2019/12/09 v1.15 Implements pdfTeX's escape features (HO)
) (C:\Users\Ana\AppData\Local\Programs\MiKTeX\tex/latex/hycolor\hycolor.sty
Package: hycolor 2020-01-27 v1.10 Color options for hyperref/bookmark (HO)
) (C:\Users\Ana\AppData\Local\Programs\MiKTeX\tex/latex/letltxmacro\letltxmacro.sty
Package: letltxmacro 2019/12/03 v1.6 Let assignment for LaTeX macros (HO)
) (C:\Users\Ana\AppData\Local\Programs\MiKTeX\tex/latex/auxhook\auxhook.sty
Package: auxhook 2019-12-17 v1.6 Hooks for auxiliary files (HO)
) (C:\Users\Ana\AppData\Local\Programs\MiKTeX\tex/latex/kvoptions\kvoptions.sty
Package: kvoptions 2019/11/29 v3.13 Key value format for package options (HO)
)
\@linkdim=\dimen197
\Hy@linkcounter=\count275
\Hy@pagecounter=\count276
 (C:\Users\Ana\AppData\Local\Programs\MiKTeX\tex/latex/hyperref\pd1enc.def
File: pd1enc.def 2020-05-15 v7.00e Hyperref: PDFDocEncoding definition (HO)
Now handling font encoding PD1 ...
... no UTF-8 mapping file for font encoding PD1
) (C:\Users\Ana\AppData\Local\Programs\MiKTeX\tex/generic/intcalc\intcalc.sty
Package: intcalc 2019/12/15 v1.3 Expandable calculations with integers (HO)
) (C:\Users\Ana\AppData\Local\Programs\MiKTeX\tex/generic/etexcmds\etexcmds.sty
Package: etexcmds 2019/12/15 v1.7 Avoid name clashes with e-TeX commands (HO)
)
\Hy@SavedSpaceFactor=\count277
Package hyperref Info: Option `bookmarks' set `true' on input line 4338.
Package hyperref Info: Option `bookmarksopen' set `true' on input line 4338.
Package hyperref Info: Option `implicit' set `false' on input line 4338.
Package hyperref Info: Hyper figures OFF on input line 4464.
Package hyperref Info: Link nesting OFF on input line 4469.
Package hyperref Info: Hyper index ON on input line 4472.
Package hyperref Info: Plain pages OFF on input line 4479.
Package hyperref Info: Backreferencing OFF on input line 4484.
Package hyperref Info: Implicit mode OFF; no redefinition of LaTeX internals.
Package hyperref Info: Bookmarks ON on input line 4717.
\c@Hy@tempcnt=\count278
 (C:\Users\Ana\AppData\Local\Programs\MiKTeX\tex/latex/url\url.sty
\Urlmuskip=\muskip16
Package: url 2013/09/16  ver 3.4  Verb mode for urls, etc.
)
LaTeX Info: Redefining \url on input line 5076.
\XeTeXLinkMargin=\dimen198
 (C:\Users\Ana\AppData\Local\Programs\MiKTeX\tex/generic/bitset\bitset.sty
Package: bitset 2019/12/09 v1.3 Handle bit-vector datatype (HO)
 (C:\Users\Ana\AppData\Local\Programs\MiKTeX\tex/generic/bigintcalc\bigintcalc.sty
Package: bigintcalc 2019/12/15 v1.5 Expandable calculations on big integers (HO)
))
\Fld@menulength=\count279
\Field@Width=\dimen199
\Fld@charsize=\dimen256
Package hyperref Info: Hyper figures OFF on input line 6347.
Package hyperref Info: Link nesting OFF on input line 6352.
Package hyperref Info: Hyper index ON on input line 6355.
Package hyperref Info: backreferencing OFF on input line 6362.
Package hyperref Info: Link coloring OFF on input line 6367.
Package hyperref Info: Link coloring with OCG OFF on input line 6372.
Package hyperref Info: PDF/A mode OFF on input line 6377.
LaTeX Info: Redefining \ref on input line 6417.
LaTeX Info: Redefining \pageref on input line 6421.
\Hy@abspage=\count280


Package hyperref Message: Stopped early.

)
Package hyperref Info: Driver (autodetected): hpdftex.
 (C:\Users\Ana\AppData\Local\Programs\MiKTeX\tex/latex/hyperref\hpdftex.def
File: hpdftex.def 2020-05-15 v7.00e Hyperref driver for pdfTeX
 (C:\Users\Ana\AppData\Local\Programs\MiKTeX\tex/latex/atveryend\atveryend.sty
Package: atveryend 2019-12-11 v1.11 Hooks at the very end of document (HO)
)
\Fld@listcount=\count281
\c@bookmark@seq@number=\count282
 (C:\Users\Ana\AppData\Local\Programs\MiKTeX\tex/latex/rerunfilecheck\rerunfilecheck.sty
Package: rerunfilecheck 2019/12/05 v1.9 Rerun checks for auxiliary files (HO)
 (C:\Users\Ana\AppData\Local\Programs\MiKTeX\tex/generic/uniquecounter\uniquecounter.sty
Package: uniquecounter 2019/12/15 v1.4 Provide unlimited unique counter (HO)
)
Package uniquecounter Info: New unique counter `rerunfilecheck' on input line 286.
)) (C:\Users\Ana\AppData\Local\Programs\MiKTeX\tex/latex/beamer\beamerbaserequires.sty (C:\Users\Ana\AppData\Local\Programs\MiKTeX\tex/latex/beamer\beamerbasecompatibility.sty) (C:\Users\Ana\AppData\Local\Programs\MiKTeX\tex/latex/beamer\beamerbasefont.sty (C:\Users\Ana\AppData\Local\Programs\MiKTeX\tex/latex/amsfonts\amssymb.sty
Package: amssymb 2013/01/14 v3.01 AMS font symbols
 (C:\Users\Ana\AppData\Local\Programs\MiKTeX\tex/latex/amsfonts\amsfonts.sty
Package: amsfonts 2013/01/14 v3.01 Basic AMSFonts support
\@emptytoks=\toks27
\symAMSa=\mathgroup4
\symAMSb=\mathgroup5
LaTeX Font Info:    Redeclaring math symbol \hbar on input line 98.
LaTeX Font Info:    Overwriting math alphabet `\mathfrak' in version `bold'
(Font)                  U/euf/m/n --> U/euf/b/n on input line 106.
)) (C:\Users\Ana\AppData\Local\Programs\MiKTeX\tex/latex/sansmathaccent\sansmathaccent.sty
Package: sansmathaccent 2020/01/31
 (C:\Users\Ana\AppData\Local\Programs\MiKTeX\tex/latex/koma-script\scrlfile.sty
Package: scrlfile 2020/07/22 v3.31 KOMA-Script package (loading files)
))) (C:\Users\Ana\AppData\Local\Programs\MiKTeX\tex/latex/beamer\beamerbasetranslator.sty (C:\Users\Ana\AppData\Local\Programs\MiKTeX\tex/latex/translator\translator.sty
Package: translator 2020-08-03 v1.12c Easy translation of strings in LaTeX
)) (C:\Users\Ana\AppData\Local\Programs\MiKTeX\tex/latex/beamer\beamerbasemisc.sty) (C:\Users\Ana\AppData\Local\Programs\MiKTeX\tex/latex/beamer\beamerbasetwoscreens.sty) (C:\Users\Ana\AppData\Local\Programs\MiKTeX\tex/latex/beamer\beamerbaseoverlay.sty
\beamer@argscount=\count283
\beamer@lastskipcover=\skip50
\beamer@trivlistdepth=\count284
) (C:\Users\Ana\AppData\Local\Programs\MiKTeX\tex/latex/beamer\beamerbasetitle.sty) (C:\Users\Ana\AppData\Local\Programs\MiKTeX\tex/latex/beamer\beamerbasesection.sty
\c@lecture=\count285
\c@part=\count286
\c@section=\count287
\c@subsection=\count288
\c@subsubsection=\count289
) (C:\Users\Ana\AppData\Local\Programs\MiKTeX\tex/latex/beamer\beamerbaseframe.sty
\beamer@framebox=\box60
\beamer@frametitlebox=\box61
\beamer@zoombox=\box62
\beamer@zoomcount=\count290
\beamer@zoomframecount=\count291
\beamer@frametextheight=\dimen257
\c@subsectionslide=\count292
\beamer@frametopskip=\skip51
\beamer@framebottomskip=\skip52
\beamer@frametopskipautobreak=\skip53
\beamer@framebottomskipautobreak=\skip54
\beamer@envbody=\toks28
\framewidth=\dimen258
\c@framenumber=\count293
) (C:\Users\Ana\AppData\Local\Programs\MiKTeX\tex/latex/beamer\beamerbaseverbatim.sty
\beamer@verbatimfileout=\write4
) (C:\Users\Ana\AppData\Local\Programs\MiKTeX\tex/latex/beamer\beamerbaseframesize.sty
\beamer@splitbox=\box63
\beamer@autobreakcount=\count294
\beamer@autobreaklastheight=\dimen259
\beamer@frametitletoks=\toks29
\beamer@framesubtitletoks=\toks30
) (C:\Users\Ana\AppData\Local\Programs\MiKTeX\tex/latex/beamer\beamerbaseframecomponents.sty
\beamer@footins=\box64
) (C:\Users\Ana\AppData\Local\Programs\MiKTeX\tex/latex/beamer\beamerbasecolor.sty) (C:\Users\Ana\AppData\Local\Programs\MiKTeX\tex/latex/beamer\beamerbasenotes.sty
\beamer@frameboxcopy=\box65
) (C:\Users\Ana\AppData\Local\Programs\MiKTeX\tex/latex/beamer\beamerbasetoc.sty) (C:\Users\Ana\AppData\Local\Programs\MiKTeX\tex/latex/beamer\beamerbasetemplates.sty
\beamer@sbttoks=\toks31
 (C:\Users\Ana\AppData\Local\Programs\MiKTeX\tex/latex/beamer\beamerbaseauxtemplates.sty (C:\Users\Ana\AppData\Local\Programs\MiKTeX\tex/latex/beamer\beamerbaseboxes.sty
\bmb@box=\box66
\bmb@colorbox=\box67
\bmb@boxshadow=\box68
\bmb@boxshadowball=\box69
\bmb@boxshadowballlarge=\box70
\bmb@temp=\dimen260
\bmb@dima=\dimen261
\bmb@dimb=\dimen262
\bmb@prevheight=\dimen263
)
\beamer@blockheadheight=\dimen264
)) (C:\Users\Ana\AppData\Local\Programs\MiKTeX\tex/latex/beamer\beamerbaselocalstructure.sty (C:\Users\Ana\AppData\Local\Programs\MiKTeX\tex/latex/tools\enumerate.sty
Package: enumerate 2015/07/23 v3.00 enumerate extensions (DPC)
\@enLab=\toks32
)
\c@figure=\count295
\c@table=\count296
\abovecaptionskip=\skip55
\belowcaptionskip=\skip56
) (C:\Users\Ana\AppData\Local\Programs\MiKTeX\tex/latex/beamer\beamerbasenavigation.sty
\beamer@section@min@dim=\dimen265
) (C:\Users\Ana\AppData\Local\Programs\MiKTeX\tex/latex/beamer\beamerbasetheorems.sty (C:\Users\Ana\AppData\Local\Programs\MiKTeX\tex/latex/amsmath\amsmath.sty
Package: amsmath 2020/01/20 v2.17e AMS math features
\@mathmargin=\skip57

For additional information on amsmath, use the `?' option.
(C:\Users\Ana\AppData\Local\Programs\MiKTeX\tex/latex/amsmath\amstext.sty
Package: amstext 2000/06/29 v2.01 AMS text
 (C:\Users\Ana\AppData\Local\Programs\MiKTeX\tex/latex/amsmath\amsgen.sty
File: amsgen.sty 1999/11/30 v2.0 generic functions
\@emptytoks=\toks33
\ex@=\dimen266
)) (C:\Users\Ana\AppData\Local\Programs\MiKTeX\tex/latex/amsmath\amsbsy.sty
Package: amsbsy 1999/11/29 v1.2d Bold Symbols
\pmbraise@=\dimen267
) (C:\Users\Ana\AppData\Local\Programs\MiKTeX\tex/latex/amsmath\amsopn.sty
Package: amsopn 2016/03/08 v2.02 operator names
)
\inf@bad=\count297
LaTeX Info: Redefining \frac on input line 227.
\uproot@=\count298
\leftroot@=\count299
LaTeX Info: Redefining \overline on input line 389.
\classnum@=\count300
\DOTSCASE@=\count301
LaTeX Info: Redefining \ldots on input line 486.
LaTeX Info: Redefining \dots on input line 489.
LaTeX Info: Redefining \cdots on input line 610.
\Mathstrutbox@=\box71
\strutbox@=\box72
\big@size=\dimen268
LaTeX Font Info:    Redeclaring font encoding OML on input line 733.
LaTeX Font Info:    Redeclaring font encoding OMS on input line 734.
\macc@depth=\count302
\c@MaxMatrixCols=\count303
\dotsspace@=\muskip17
\c@parentequation=\count304
\dspbrk@lvl=\count305
\tag@help=\toks34
\row@=\count306
\column@=\count307
\maxfields@=\count308
\andhelp@=\toks35
\eqnshift@=\dimen269
\alignsep@=\dimen270
\tagshift@=\dimen271
\tagwidth@=\dimen272
\totwidth@=\dimen273
\lineht@=\dimen274
\@envbody=\toks36
\multlinegap=\skip58
\multlinetaggap=\skip59
\mathdisplay@stack=\toks37
LaTeX Info: Redefining \[ on input line 2859.
LaTeX Info: Redefining \] on input line 2860.
) (C:\Users\Ana\AppData\Local\Programs\MiKTeX\tex/latex/amscls\amsthm.sty
Package: amsthm 2020/05/29 v2.20.6
\thm@style=\toks38
\thm@bodyfont=\toks39
\thm@headfont=\toks40
\thm@notefont=\toks41
\thm@headpunct=\toks42
\thm@preskip=\skip60
\thm@postskip=\skip61
\thm@headsep=\skip62
\dth@everypar=\toks43
)
\c@theorem=\count309
) (C:\Users\Ana\AppData\Local\Programs\MiKTeX\tex/latex/beamer\beamerbasethemes.sty)) (C:\Users\Ana\AppData\Local\Programs\MiKTeX\tex/latex/beamer\beamerthemedefault.sty (C:\Users\Ana\AppData\Local\Programs\MiKTeX\tex/latex/beamer\beamerfontthemedefault.sty) (C:\Users\Ana\AppData\Local\Programs\MiKTeX\tex/latex/beamer\beamercolorthemedefault.sty) (C:\Users\Ana\AppData\Local\Programs\MiKTeX\tex/latex/beamer\beamerinnerthemedefault.sty
\beamer@dima=\dimen275
\beamer@dimb=\dimen276
) (C:\Users\Ana\AppData\Local\Programs\MiKTeX\tex/latex/beamer\beamerouterthemedefault.sty))) (C:\Users\Ana\AppData\Local\Programs\MiKTeX\tex/latex/beamer\beamerthemesplit.sty (C:\Users\Ana\AppData\Local\Programs\MiKTeX\tex/latex/beamer\beamercolorthemewhale.sty) (C:\Users\Ana\AppData\Local\Programs\MiKTeX\tex/latex/beamer\beamerouterthemesplit.sty) (C:\Users\Ana\AppData\Local\Programs\MiKTeX\tex/latex/beamer\beamerfontthemestructurebold.sty)) (C:\Users\Ana\AppData\Local\Programs\MiKTeX\tex/latex/beamer\multimedia.sty
Package: multimedia 2012/05/02 ver 0.02
\mm@movie=\count310
) (C:\Users\Ana\AppData\Local\Programs\MiKTeX\tex/latex/collectbox\collectbox.sty
Package: collectbox 2012/05/17 v0.4b Collect macro arguments as boxes
\collectedbox=\box73
) (C:\Users\Ana\AppData\Local\Programs\MiKTeX\tex/latex/base\inputenc.sty
Package: inputenc 2018/08/11 v1.3c Input encoding file
\inpenc@prehook=\toks44
\inpenc@posthook=\toks45
) (C:\Users\Ana\AppData\Local\Programs\MiKTeX\tex/generic/babel\babel.sty
Package: babel 2020/06/10 3.45 The Babel package
 (C:\Users\Ana\AppData\Local\Programs\MiKTeX\tex/generic/babel\babel.def
File: babel.def 2020/06/10 3.45 Babel common definitions
\babel@savecnt=\count311
\U@D=\dimen277
\l@babelnohyphens=\language79
 (C:\Users\Ana\AppData\Local\Programs\MiKTeX\tex/generic/babel\txtbabel.def)
\bbl@readstream=\read3
)
LaTeX Info: Redefining \textlatin on input line 674.
\bbl@dirlevel=\count312

*************************************
* Local config file bblopts.cfg used
*
(C:\Users\Ana\AppData\Local\Programs\MiKTeX\tex/latex/arabi\bblopts.cfg
File: bblopts.cfg 2005/09/08 v0.1 add Arabic and Farsi to "declared" options of babel
) (C:\Users\Ana\AppData\Local\Programs\MiKTeX\tex/latex/babel-english\english.ldf
Language: english 2017/06/06 v3.3r English support from the babel system
Package babel Info: \l@canadian = using hyphenrules for english
(babel)             (\language0) on input line 102.
Package babel Info: \l@australian = using hyphenrules for ukenglish
(babel)             (\language73) on input line 105.
Package babel Info: \l@newzealand = using hyphenrules for ukenglish
(babel)             (\language73) on input line 108.
)) (C:\Users\Ana\AppData\Local\Programs\MiKTeX\tex/latex/l3backend\l3backend-pdfmode.def
File: l3backend-pdfmode.def 2020-06-29 L3 backend support: PDF mode
\l__kernel_color_stack_int=\count313
\l__pdf_internal_box=\box74
) (e:/Digipen\PHY250\2021\Slides\01.Static_Fluids\Fluids.aux

LaTeX Warning: Label `0' multiply defined.

)
\openout1 = `Fluids.aux'.

LaTeX Font Info:    Checking defaults for OML/cmm/m/it on input line 39.
LaTeX Font Info:    ... okay on input line 39.
LaTeX Font Info:    Checking defaults for OMS/cmsy/m/n on input line 39.
LaTeX Font Info:    ... okay on input line 39.
LaTeX Font Info:    Checking defaults for OT1/cmr/m/n on input line 39.
LaTeX Font Info:    ... okay on input line 39.
LaTeX Font Info:    Checking defaults for T1/cmr/m/n on input line 39.
LaTeX Font Info:    ... okay on input line 39.
LaTeX Font Info:    Checking defaults for TS1/cmr/m/n on input line 39.
LaTeX Font Info:    ... okay on input line 39.
LaTeX Font Info:    Checking defaults for OMX/cmex/m/n on input line 39.
LaTeX Font Info:    ... okay on input line 39.
LaTeX Font Info:    Checking defaults for U/cmr/m/n on input line 39.
LaTeX Font Info:    ... okay on input line 39.
LaTeX Font Info:    Checking defaults for PD1/pdf/m/n on input line 39.
LaTeX Font Info:    ... okay on input line 39.

*geometry* driver: auto-detecting
*geometry* detected driver: pdftex
*geometry* verbose mode - [ preamble ] result:
* driver: pdftex
* paper: custom
* layout: <same size as paper>
* layoutoffset:(h,v)=(0.0pt,0.0pt)
* modes: includehead includefoot 
* h-part:(L,W,R)=(28.45274pt, 307.28987pt, 28.45274pt)
* v-part:(T,H,B)=(0.0pt, 273.14662pt, 0.0pt)
* \paperwidth=364.19536pt
* \paperheight=273.14662pt
* \textwidth=307.28987pt
* \textheight=244.6939pt
* \oddsidemargin=-43.81725pt
* \evensidemargin=-43.81725pt
* \topmargin=-72.26999pt
* \headheight=14.22636pt
* \headsep=0.0pt
* \topskip=11.0pt
* \footskip=14.22636pt
* \marginparwidth=4.0pt
* \marginparsep=10.0pt
* \columnsep=10.0pt
* \skip\footins=10.0pt plus 4.0pt minus 2.0pt
* \hoffset=0.0pt
* \voffset=0.0pt
* \mag=1000
* \@twocolumnfalse
* \@twosidefalse
* \@mparswitchfalse
* \@reversemarginfalse
* (1in=72.27pt=25.4mm, 1cm=28.453pt)

(C:\Users\Ana\AppData\Local\Programs\MiKTeX\tex/context/base/mkii\supp-pdf.mkii
[Loading MPS to PDF converter (version 2006.09.02).]
\scratchcounter=\count314
\scratchdimen=\dimen278
\scratchbox=\box75
\nofMPsegments=\count315
\nofMParguments=\count316
\everyMPshowfont=\toks46
\MPscratchCnt=\count317
\MPscratchDim=\dimen279
\MPnumerator=\count318
\makeMPintoPDFobject=\count319
\everyMPtoPDFconversion=\toks47
) (C:\Users\Ana\AppData\Local\Programs\MiKTeX\tex/latex/epstopdf-pkg\epstopdf-base.sty
Package: epstopdf-base 2020-01-24 v2.11 Base part for package epstopdf
 (C:\Users\Ana\AppData\Local\Programs\MiKTeX\tex/latex/grfext\grfext.sty
Package: grfext 2019/12/03 v1.3 Manage graphics extensions (HO)
)
Package epstopdf-base Info: Redefining graphics rule for `.eps' on input line 485.
Package grfext Info: Graphics extension search list:
(grfext)             [.pdf,.png,.jpg,.mps,.jpeg,.jbig2,.jb2,.PDF,.PNG,.JPG,.JPEG,.JBIG2,.JB2,.eps]
(grfext)             \AppendGraphicsExtensions on input line 504.
) ABD: EveryShipout initializing macros
\AtBeginShipoutBox=\box76
Package hyperref Info: Link coloring OFF on input line 39.
 (C:\Users\Ana\AppData\Local\Programs\MiKTeX\tex/latex/hyperref\nameref.sty
Package: nameref 2019/09/16 v2.46 Cross-referencing by name of section
 (C:\Users\Ana\AppData\Local\Programs\MiKTeX\tex/latex/refcount\refcount.sty
Package: refcount 2019/12/15 v3.6 Data extraction from label references (HO)
) (C:\Users\Ana\AppData\Local\Programs\MiKTeX\tex/generic/gettitlestring\gettitlestring.sty
Package: gettitlestring 2019/12/15 v1.6 Cleanup title references (HO)
)
\c@section@level=\count320
)
LaTeX Info: Redefining \ref on input line 39.
LaTeX Info: Redefining \pageref on input line 39.
LaTeX Info: Redefining \nameref on input line 39.
 (e:/Digipen\PHY250\2021\Slides\01.Static_Fluids\Fluids.out) (e:/Digipen\PHY250\2021\Slides\01.Static_Fluids\Fluids.out)
\@outlinefile=\write5
\openout5 = `Fluids.out'.

LaTeX Font Info:    Overwriting symbol font `operators' in version `normal'
(Font)                  OT1/cmr/m/n --> OT1/cmss/m/n on input line 39.
LaTeX Font Info:    Overwriting symbol font `operators' in version `bold'
(Font)                  OT1/cmr/bx/n --> OT1/cmss/b/n on input line 39.
\symnumbers=\mathgroup6
\sympureletters=\mathgroup7
LaTeX Font Info:    Overwriting math alphabet `\mathrm' in version `normal'
(Font)                  OT1/cmss/m/n --> OT1/cmr/m/n on input line 39.
LaTeX Font Info:    Redeclaring math alphabet \mathbf on input line 39.
LaTeX Font Info:    Overwriting math alphabet `\mathbf' in version `normal'
(Font)                  OT1/cmr/bx/n --> OT1/cmss/b/n on input line 39.
LaTeX Font Info:    Overwriting math alphabet `\mathbf' in version `bold'
(Font)                  OT1/cmr/bx/n --> OT1/cmss/b/n on input line 39.
LaTeX Font Info:    Redeclaring math alphabet \mathsf on input line 39.
LaTeX Font Info:    Overwriting math alphabet `\mathsf' in version `normal'
(Font)                  OT1/cmss/m/n --> OT1/cmss/m/n on input line 39.
LaTeX Font Info:    Overwriting math alphabet `\mathsf' in version `bold'
(Font)                  OT1/cmss/bx/n --> OT1/cmss/m/n on input line 39.
LaTeX Font Info:    Redeclaring math alphabet \mathit on input line 39.
LaTeX Font Info:    Overwriting math alphabet `\mathit' in version `normal'
(Font)                  OT1/cmr/m/it --> OT1/cmss/m/it on input line 39.
LaTeX Font Info:    Overwriting math alphabet `\mathit' in version `bold'
(Font)                  OT1/cmr/bx/it --> OT1/cmss/m/it on input line 39.
LaTeX Font Info:    Redeclaring math alphabet \mathtt on input line 39.
LaTeX Font Info:    Overwriting math alphabet `\mathtt' in version `normal'
(Font)                  OT1/cmtt/m/n --> OT1/cmtt/m/n on input line 39.
LaTeX Font Info:    Overwriting math alphabet `\mathtt' in version `bold'
(Font)                  OT1/cmtt/m/n --> OT1/cmtt/m/n on input line 39.
LaTeX Font Info:    Overwriting symbol font `numbers' in version `bold'
(Font)                  OT1/cmss/m/n --> OT1/cmss/b/n on input line 39.
LaTeX Font Info:    Overwriting symbol font `pureletters' in version `bold'
(Font)                  OT1/cmss/m/it --> OT1/cmss/b/it on input line 39.
LaTeX Font Info:    Overwriting math alphabet `\mathrm' in version `bold'
(Font)                  OT1/cmss/b/n --> OT1/cmr/b/n on input line 39.
LaTeX Font Info:    Overwriting math alphabet `\mathbf' in version `bold'
(Font)                  OT1/cmss/b/n --> OT1/cmss/b/n on input line 39.
LaTeX Font Info:    Overwriting math alphabet `\mathsf' in version `bold'
(Font)                  OT1/cmss/m/n --> OT1/cmss/b/n on input line 39.
LaTeX Font Info:    Overwriting math alphabet `\mathit' in version `bold'
(Font)                  OT1/cmss/m/it --> OT1/cmss/b/it on input line 39.
LaTeX Font Info:    Overwriting math alphabet `\mathtt' in version `bold'
(Font)                  OT1/cmtt/m/n --> OT1/cmtt/b/n on input line 39.
LaTeX Font Info:    Redeclaring symbol font `pureletters' on input line 39.
LaTeX Font Info:    Overwriting symbol font `pureletters' in version `normal'
(Font)                  OT1/cmss/m/it --> OT1/mathkerncmss/m/sl on input line 39.
LaTeX Font Info:    Overwriting symbol font `pureletters' in version `bold'
(Font)                  OT1/cmss/b/it --> OT1/mathkerncmss/m/sl on input line 39.
LaTeX Font Info:    Overwriting symbol font `pureletters' in version `bold'
(Font)                  OT1/mathkerncmss/m/sl --> OT1/mathkerncmss/bx/sl on input line 39.
 (C:\Users\Ana\AppData\Local\Programs\MiKTeX\tex/latex/translator\translator-basic-dictionary-English.dict
Dictionary: translator-basic-dictionary, Language: English 
) (C:\Users\Ana\AppData\Local\Programs\MiKTeX\tex/latex/translator\translator-bibliography-dictionary-English.dict
Dictionary: translator-bibliography-dictionary, Language: English 
) (C:\Users\Ana\AppData\Local\Programs\MiKTeX\tex/latex/translator\translator-environment-dictionary-English.dict
Dictionary: translator-environment-dictionary, Language: English 
) (C:\Users\Ana\AppData\Local\Programs\MiKTeX\tex/latex/translator\translator-months-dictionary-English.dict
Dictionary: translator-months-dictionary, Language: English 
) (C:\Users\Ana\AppData\Local\Programs\MiKTeX\tex/latex/translator\translator-numbers-dictionary-English.dict
Dictionary: translator-numbers-dictionary, Language: English 
) (C:\Users\Ana\AppData\Local\Programs\MiKTeX\tex/latex/translator\translator-theorem-dictionary-English.dict
Dictionary: translator-theorem-dictionary, Language: English 
) (e:/Digipen\PHY250\2021\Slides\01.Static_Fluids\Fluids.nav) [1{C:/Users/Ana/AppData/Local/MiKTeX/pdftex/config/pdftex.map}

] (e:/Digipen\PHY250\2021\Slides\01.Static_Fluids\Fluids.toc) [2

]
LaTeX Font Info:    Trying to load font information for U+msa on input line 96.
 (C:\Users\Ana\AppData\Local\Programs\MiKTeX\tex/latex/amsfonts\umsa.fd
File: umsa.fd 2013/01/14 v3.01 AMS symbols A
)
LaTeX Font Info:    Trying to load font information for U+msb on input line 96.
 (C:\Users\Ana\AppData\Local\Programs\MiKTeX\tex/latex/amsfonts\umsb.fd
File: umsb.fd 2013/01/14 v3.01 AMS symbols B
)
LaTeX Font Info:    Trying to load font information for OT1+mathkerncmss on input line 96.
 (C:\Users\Ana\AppData\Local\Programs\MiKTeX\tex/latex/sansmathaccent\ot1mathkerncmss.fd
File: ot1mathkerncmss.fd 2020/01/31 Fontinst v1.933 font definitions for OT1/mathkerncmss.
)
<images2/0b.png, id=108, 376.40625pt x 143.78719pt>
File: images2/0b.png Graphic file (type png)
<use images2/0b.png>
Package pdftex.def Info: images2/0b.png  used on input line 96.
(pdftex.def)             Requested size: 245.95343pt x 93.95122pt.

Underfull \vbox (badness 10000) has occurred while \output is active []

 [3

] [4 <e:/Digipen/PHY250/2021/Slides/01.Static_Fluids/images2/0b.png>]
File: images2/0b.png Graphic file (type png)
<use images2/0b.png>
Package pdftex.def Info: images2/0b.png  used on input line 96.
(pdftex.def)             Requested size: 245.95343pt x 93.95122pt.
 [5

]
<images2/0.jpg, id=208, 177.68452pt x 87.22241pt>
File: images2/0.jpg Graphic file (type jpg)
<use images2/0.jpg>
Package pdftex.def Info: images2/0.jpg  used on input line 131.
(pdftex.def)             Requested size: 161.95343pt x 79.49744pt.
 [6

 <e:/Digipen/PHY250/2021/Slides/01.Static_Fluids/images2/0.jpg>]
File: images2/0.jpg Graphic file (type jpg)
<use images2/0.jpg>
Package pdftex.def Info: images2/0.jpg  used on input line 131.
(pdftex.def)             Requested size: 161.95343pt x 79.49744pt.
 [7

]
File: images2/0.jpg Graphic file (type jpg)
<use images2/0.jpg>
Package pdftex.def Info: images2/0.jpg  used on input line 131.
(pdftex.def)             Requested size: 161.95343pt x 79.49744pt.
 [8

]
File: images2/0.jpg Graphic file (type jpg)
<use images2/0.jpg>
Package pdftex.def Info: images2/0.jpg  used on input line 131.
(pdftex.def)             Requested size: 161.95343pt x 79.49744pt.
 [9

]
File: images2/0.jpg Graphic file (type jpg)
<use images2/0.jpg>
Package pdftex.def Info: images2/0.jpg  used on input line 131.
(pdftex.def)             Requested size: 161.95343pt x 79.49744pt.
 [10

]
<images2/fluids_dimensions.jpg, id=366, 6770.29375pt x 2870.725pt>
File: images2/fluids_dimensions.jpg Graphic file (type jpg)
<use images2/fluids_dimensions.jpg>
Package pdftex.def Info: images2/fluids_dimensions.jpg  used on input line 147.
(pdftex.def)             Requested size: 306.7162pt x 130.08621pt.
 [11

 <e:/Digipen/PHY250/2021/Slides/01.Static_Fluids/images2/fluids_dimensions.jpg>]
<images2/0c.png, id=399, 852.18375pt x 722.7pt>
File: images2/0c.png Graphic file (type png)
<use images2/0c.png>
Package pdftex.def Info: images2/0c.png  used on input line 190.
(pdftex.def)             Requested size: 127.82204pt x 108.405pt.
pdfTeX warning (ext4): destination with the same identifier (name{0}) has been already used, duplicate ignored
<to be read again> 
                   \relax 
l.190     \end{frame}
                      [12

 <e:/Digipen/PHY250/2021/Slides/01.Static_Fluids/images2/0c.png>]
File: images2/0c.png Graphic file (type png)
<use images2/0c.png>
Package pdftex.def Info: images2/0c.png  used on input line 190.
(pdftex.def)             Requested size: 127.82204pt x 108.405pt.
 [13

]
File: images2/0c.png Graphic file (type png)
<use images2/0c.png>
Package pdftex.def Info: images2/0c.png  used on input line 190.
(pdftex.def)             Requested size: 127.82204pt x 108.405pt.
 [14

]
File: images2/0c.png Graphic file (type png)
<use images2/0c.png>
Package pdftex.def Info: images2/0c.png  used on input line 190.
(pdftex.def)             Requested size: 127.82204pt x 108.405pt.
 [15

]
<images2/1.jpg, id=526, 265.4718pt x 247.4043pt>
File: images2/1.jpg Graphic file (type jpg)
<use images2/1.jpg>
Package pdftex.def Info: images2/1.jpg  used on input line 233.
(pdftex.def)             Requested size: 131.83224pt x 122.85876pt.
 [16

 <e:/Digipen/PHY250/2021/Slides/01.Static_Fluids/images2/1.jpg>]
File: images2/1.jpg Graphic file (type jpg)
<use images2/1.jpg>
Package pdftex.def Info: images2/1.jpg  used on input line 233.
(pdftex.def)             Requested size: 131.83224pt x 122.85876pt.
 [17

]
File: images2/1.jpg Graphic file (type jpg)
<use images2/1.jpg>
Package pdftex.def Info: images2/1.jpg  used on input line 233.
(pdftex.def)             Requested size: 131.83224pt x 122.85876pt.
 [18

]
File: images2/1.jpg Graphic file (type jpg)
<use images2/1.jpg>
Package pdftex.def Info: images2/1.jpg  used on input line 233.
(pdftex.def)             Requested size: 131.83224pt x 122.85876pt.
 [19

]
File: images2/1.jpg Graphic file (type jpg)
<use images2/1.jpg>
Package pdftex.def Info: images2/1.jpg  used on input line 233.
(pdftex.def)             Requested size: 131.83224pt x 122.85876pt.
 [20

] [21

] [22

] [23

] [24

] [25

]
<images2/Feiman_1.png, id=840, 514.92375pt x 359.3425pt>
File: images2/Feiman_1.png Graphic file (type png)
<use images2/Feiman_1.png>
Package pdftex.def Info: images2/Feiman_1.png  used on input line 296.
(pdftex.def)             Requested size: 176.0539pt x 122.85876pt.

Overfull \vbox (6.4382pt too high) detected at line 296
 []

[26

 <e:/Digipen/PHY250/2021/Slides/01.Static_Fluids/images2/Feiman_1.png>]
File: images2/Feiman_1.png Graphic file (type png)
<use images2/Feiman_1.png>
Package pdftex.def Info: images2/Feiman_1.png  used on input line 296.
(pdftex.def)             Requested size: 176.0539pt x 122.85876pt.

Overfull \vbox (6.4382pt too high) detected at line 296
 []

[27

]
File: images2/Feiman_1.png Graphic file (type png)
<use images2/Feiman_1.png>
Package pdftex.def Info: images2/Feiman_1.png  used on input line 296.
(pdftex.def)             Requested size: 176.0539pt x 122.85876pt.

Overfull \vbox (6.4382pt too high) detected at line 296
 []

[28

]
File: images2/Feiman_1.png Graphic file (type png)
<use images2/Feiman_1.png>
Package pdftex.def Info: images2/Feiman_1.png  used on input line 296.
(pdftex.def)             Requested size: 176.0539pt x 122.85876pt.

Overfull \vbox (6.4382pt too high) detected at line 296
 []

[29

]
<images2/Feiman_2b.png, id=967, 928.46875pt x 756.8275pt>
File: images2/Feiman_2b.png Graphic file (type png)
<use images2/Feiman_2b.png>
Package pdftex.def Info: images2/Feiman_2b.png  used on input line 347.
(pdftex.def)             Requested size: 115.25076pt x 93.95122pt.
 [30

 <e:/Digipen/PHY250/2021/Slides/01.Static_Fluids/images2/Feiman_2b.png>]
File: images2/Feiman_2b.png Graphic file (type png)
<use images2/Feiman_2b.png>
Package pdftex.def Info: images2/Feiman_2b.png  used on input line 347.
(pdftex.def)             Requested size: 115.25076pt x 93.95122pt.
 [31

]
File: images2/Feiman_2b.png Graphic file (type png)
<use images2/Feiman_2b.png>
Package pdftex.def Info: images2/Feiman_2b.png  used on input line 347.
(pdftex.def)             Requested size: 115.25076pt x 93.95122pt.
 [32

]
File: images2/Feiman_2b.png Graphic file (type png)
<use images2/Feiman_2b.png>
Package pdftex.def Info: images2/Feiman_2b.png  used on input line 347.
(pdftex.def)             Requested size: 115.25076pt x 93.95122pt.
 [33

]
File: images2/Feiman_2b.png Graphic file (type png)
<use images2/Feiman_2b.png>
Package pdftex.def Info: images2/Feiman_2b.png  used on input line 347.
(pdftex.def)             Requested size: 115.25076pt x 93.95122pt.
 [34

]
File: images2/Feiman_2b.png Graphic file (type png)
<use images2/Feiman_2b.png>
Package pdftex.def Info: images2/Feiman_2b.png  used on input line 347.
(pdftex.def)             Requested size: 115.25076pt x 93.95122pt.
 [35

] [36

]
<images2/prho3.jpg, id=1189, 246.1998pt x 293.898pt>
File: images2/prho3.jpg Graphic file (type jpg)
<use images2/prho3.jpg>
Package pdftex.def Info: images2/prho3.jpg  used on input line 413.
(pdftex.def)             Requested size: 102.91858pt x 122.85876pt.
 [37

 <e:/Digipen/PHY250/2021/Slides/01.Static_Fluids/images2/prho3.jpg>]
<images2/conceptual1.jpg, id=1222, 306.14375pt x 411.5375pt>
File: images2/conceptual1.jpg Graphic file (type jpg)
<use images2/conceptual1.jpg>
Package pdftex.def Info: images2/conceptual1.jpg  used on input line 449.
(pdftex.def)             Requested size: 80.64188pt x 108.405pt.
 [38

 <e:/Digipen/PHY250/2021/Slides/01.Static_Fluids/images2/conceptual1.jpg>]
\c@example=\count321
<images2/example1.jpg, id=1254, 398.48875pt x 330.23375pt>
File: images2/example1.jpg Graphic file (type jpg)
<use images2/example1.jpg>
Package pdftex.def Info: images2/example1.jpg  used on input line 467.
(pdftex.def)             Requested size: 148.2533pt x 122.85876pt.
 [39

 <e:/Digipen/PHY250/2021/Slides/01.Static_Fluids/images2/example1.jpg>]
File: images2/example1.jpg Graphic file (type jpg)
<use images2/example1.jpg>
Package pdftex.def Info: images2/example1.jpg  used on input line 496.
(pdftex.def)             Requested size: 209.30093pt x 173.44756pt.

Overfull \hbox (64.76094pt too wide) in paragraph at lines 496--496
 [] 
 []


Overfull \vbox (14.71005pt too high) detected at line 496
 []

[40

]
Package epstopdf Info: Source file: <images2/example2.eps>
(epstopdf)                    date: 2021-07-20 16:03:30
(epstopdf)                    size: 13547 bytes
(epstopdf)             Output file: <images2/example2-eps-converted-to.pdf>
(epstopdf)                    date: 2021-07-20 16:03:52
(epstopdf)                    size: 7250 bytes
(epstopdf)             Command: <epstopdf --outfile=images2/example2-eps-converted-to.pdf images2/example2.eps>
(epstopdf)             \includegraphics on input line 515.
Package epstopdf Info: Output file is already uptodate.


pdfTeX warning: pdflatex (file e:/Digipen/PHY250/2021/Slides/01.Static_Fluids/images2/example2-eps-converted-to.pdf): PDF inclusion: found PDF version <1.7>, but at most version <1.5> allowed
<images2/example2-eps-converted-to.pdf, id=1317, 383.4325pt x 265.99374pt>
File: images2/example2-eps-converted-to.pdf Graphic file (type pdf)
<use images2/example2-eps-converted-to.pdf>
Package pdftex.def Info: images2/example2-eps-converted-to.pdf  used on input line 515.
(pdftex.def)             Requested size: 145.84628pt x 101.17755pt.
[41

 <e:/Digipen/PHY250/2021/Slides/01.Static_Fluids/images2/example2-eps-converted-to.pdf>]
<images2/example2.jpg.png, id=1355, 510.90875pt x 355.3275pt>
File: images2/example2.jpg.png Graphic file (type png)
<use images2/example2.jpg.png>
Package pdftex.def Info: images2/example2.jpg.png  used on input line 541.
(pdftex.def)             Requested size: 155.86981pt x 108.405pt.

Overfull \hbox (11.32982pt too wide) in paragraph at lines 541--541
 [] 
 []

[42

 <e:/Digipen/PHY250/2021/Slides/01.Static_Fluids/images2/example2.jpg.png>] [43

] [44

] [45

] [46

] [47

] [48

] [49

] [50

] [51

] [52

] [53

] [54

] [55

]
Overfull \vbox (7.28969pt too high) detected at line 658
 []

[56

]
Overfull \vbox (7.28969pt too high) detected at line 658
 []

[57

]
Overfull \vbox (7.28969pt too high) detected at line 658
 []

[58

]
Overfull \vbox (7.28969pt too high) detected at line 658
 []

[59

]
Overfull \vbox (7.28969pt too high) detected at line 658
 []

[60

]
Overfull \vbox (7.28969pt too high) detected at line 658
 []

[61

]
<images2/star3.jpg, id=1983, 845.1575pt x 750.805pt>
File: images2/star3.jpg Graphic file (type jpg)
<use images2/star3.jpg>
Package pdftex.def Info: images2/star3.jpg  used on input line 679.
(pdftex.def)             Requested size: 162.69655pt x 144.54pt.
 [62

 <e:/Digipen/PHY250/2021/Slides/01.Static_Fluids/images2/star3.jpg>] [63

] [64

] [65

]
<images2/hydrolift.jpg, id=2112, 400.1349pt x 236.082pt>
File: images2/hydrolift.jpg Graphic file (type jpg)
<use images2/hydrolift.jpg>
Package pdftex.def Info: images2/hydrolift.jpg  used on input line 855.
(pdftex.def)             Requested size: 159.23907pt x 93.95122pt.
 [66

 <e:/Digipen/PHY250/2021/Slides/01.Static_Fluids/images2/hydrolift.jpg>]
File: images2/hydrolift.jpg Graphic file (type jpg)
<use images2/hydrolift.jpg>
Package pdftex.def Info: images2/hydrolift.jpg  used on input line 855.
(pdftex.def)             Requested size: 159.23907pt x 93.95122pt.
 [67

]
<images2/manometer.jpg, id=2174, 627.34375pt x 574.145pt>
File: images2/manometer.jpg Graphic file (type jpg)
<use images2/manometer.jpg>
Package pdftex.def Info: images2/manometer.jpg  used on input line 874.
(pdftex.def)             Requested size: 134.23491pt x 122.85876pt.

Overfull \vbox (5.05045pt too high) detected at line 874
 []

[68

 <e:/Digipen/PHY250/2021/Slides/01.Static_Fluids/images2/manometer.jpg>] [69

]
<images2/Barometer.jpg, id=2238, 134.5025pt x 334.24875pt>
File: images2/Barometer.jpg Graphic file (type jpg)
<use images2/Barometer.jpg>
Package pdftex.def Info: images2/Barometer.jpg  used on input line 912.
(pdftex.def)             Requested size: 52.34903pt x 130.08621pt.
 [70

 <e:/Digipen/PHY250/2021/Slides/01.Static_Fluids/images2/Barometer.jpg>] [71

] [72

]
<images2/example_12.85.jpg, id=2331, 517.935pt x 305.14pt>
File: images2/example_12.85.jpg Graphic file (type jpg)
<use images2/example_12.85.jpg>
Package pdftex.def Info: images2/example_12.85.jpg  used on input line 972.
(pdftex.def)             Requested size: 196.27202pt x 115.63243pt.
 [73

 <e:/Digipen/PHY250/2021/Slides/01.Static_Fluids/images2/example_12.85.jpg>]
<images2/Buoyance.jpg, id=2363, 508.90125pt x 544.0325pt>
File: images2/Buoyance.jpg Graphic file (type jpg)
<use images2/Buoyance.jpg>
Package pdftex.def Info: images2/Buoyance.jpg  used on input line 999.
(pdftex.def)             Requested size: 108.16144pt x 115.63243pt.
 [74

 <e:/Digipen/PHY250/2021/Slides/01.Static_Fluids/images2/Buoyance.jpg>]
<images2/Buoyance2b.jpg, id=2395, 1523.6925pt x 655.44875pt>
File: images2/Buoyance2b.jpg Graphic file (type jpg)
<use images2/Buoyance2b.jpg>
Package pdftex.def Info: images2/Buoyance2b.jpg  used on input line 1017.
(pdftex.def)             Requested size: 302.40814pt x 130.08621pt.
 [75

 <e:/Digipen/PHY250/2021/Slides/01.Static_Fluids/images2/Buoyance2b.jpg>] [76

] [77

] [78

] [79

] [80

] [81

]
<images2/Buoyance3b.jpg, id=2615, 325.4559pt x 303.0522pt>
File: images2/Buoyance3b.jpg Graphic file (type jpg)
<use images2/Buoyance3b.jpg>
Package pdftex.def Info: images2/Buoyance3b.jpg  used on input line 1106.
(pdftex.def)             Requested size: 131.943pt x 122.85876pt.
 [82

 <e:/Digipen/PHY250/2021/Slides/01.Static_Fluids/images2/Buoyance3b.jpg>]
File: images2/Buoyance3b.jpg Graphic file (type jpg)
<use images2/Buoyance3b.jpg>
Package pdftex.def Info: images2/Buoyance3b.jpg  used on input line 1106.
(pdftex.def)             Requested size: 131.943pt x 122.85876pt.
 [83

]
File: images2/Buoyance3b.jpg Graphic file (type jpg)
<use images2/Buoyance3b.jpg>
Package pdftex.def Info: images2/Buoyance3b.jpg  used on input line 1106.
(pdftex.def)             Requested size: 131.943pt x 122.85876pt.
 [84

]
<images2/Buoyance3.jpg, id=2709, 325.4559pt x 303.0522pt>
File: images2/Buoyance3.jpg Graphic file (type jpg)
<use images2/Buoyance3.jpg>
Package pdftex.def Info: images2/Buoyance3.jpg  used on input line 1140.
(pdftex.def)             Requested size: 131.943pt x 122.85876pt.
 [85

 <e:/Digipen/PHY250/2021/Slides/01.Static_Fluids/images2/Buoyance3.jpg>]
File: images2/Buoyance3.jpg Graphic file (type jpg)
<use images2/Buoyance3.jpg>
Package pdftex.def Info: images2/Buoyance3.jpg  used on input line 1140.
(pdftex.def)             Requested size: 131.943pt x 122.85876pt.
 [86

]
File: images2/Buoyance3.jpg Graphic file (type jpg)
<use images2/Buoyance3.jpg>
Package pdftex.def Info: images2/Buoyance3.jpg  used on input line 1140.
(pdftex.def)             Requested size: 131.943pt x 122.85876pt.
 [87

]
<images2/Buoyance3c.jpg, id=2804, 325.4559pt x 303.0522pt>
File: images2/Buoyance3c.jpg Graphic file (type jpg)
<use images2/Buoyance3c.jpg>
Package pdftex.def Info: images2/Buoyance3c.jpg  used on input line 1182.
(pdftex.def)             Requested size: 131.943pt x 122.85876pt.
 [88

 <e:/Digipen/PHY250/2021/Slides/01.Static_Fluids/images2/Buoyance3c.jpg>]
File: images2/Buoyance3c.jpg Graphic file (type jpg)
<use images2/Buoyance3c.jpg>
Package pdftex.def Info: images2/Buoyance3c.jpg  used on input line 1182.
(pdftex.def)             Requested size: 131.943pt x 122.85876pt.
 [89

]
File: images2/Buoyance3c.jpg Graphic file (type jpg)
<use images2/Buoyance3c.jpg>
Package pdftex.def Info: images2/Buoyance3c.jpg  used on input line 1182.
(pdftex.def)             Requested size: 131.943pt x 122.85876pt.
 [90

] [91

]
<images2/arquimedes.jpg, id=2930, 927.465pt x 788.9475pt>
File: images2/arquimedes.jpg Graphic file (type jpg)
<use images2/arquimedes.jpg>
Package pdftex.def Info: images2/arquimedes.jpg  used on input line 1208.
(pdftex.def)             Requested size: 144.42073pt x 122.85876pt.
 [92

 <e:/Digipen/PHY250/2021/Slides/01.Static_Fluids/images2/arquimedes.jpg>]
<images2/baloom.jpg, id=2962, 358.33875pt x 648.4225pt>
File: images2/baloom.jpg Graphic file (type jpg)
<use images2/baloom.jpg>
Package pdftex.def Info: images2/baloom.jpg  used on input line 1225.
(pdftex.def)             Requested size: 79.87912pt x 144.54pt.

Overfull \vbox (0.13998pt too high) detected at line 1225
 []

[93

 <e:/Digipen/PHY250/2021/Slides/01.Static_Fluids/images2/baloom.jpg>]
<images2/example_12.97.jpg, id=2994, 736.7525pt x 413.545pt>
File: images2/example_12.97.jpg Graphic file (type jpg)
<use images2/example_12.97.jpg>
Package pdftex.def Info: images2/example_12.97.jpg  used on input line 1246.
(pdftex.def)             Requested size: 193.125pt x 108.405pt.

Overfull \vbox (4.19669pt too high) detected at line 1246
 []

[94

 <e:/Digipen/PHY250/2021/Slides/01.Static_Fluids/images2/example_12.97.jpg>]
<images2/example_12.97b.jpg, id=3026, 197.73875pt x 175.65625pt>
File: images2/example_12.97b.jpg Graphic file (type jpg)
<use images2/example_12.97b.jpg>
Package pdftex.def Info: images2/example_12.97b.jpg  used on input line 1285.
(pdftex.def)             Requested size: 97.62904pt x 86.72377pt.

Overfull \hbox (19.72104pt too wide) in alignment at lines 1285--1285
 [][][] []
 []

[95

 <e:/Digipen/PHY250/2021/Slides/01.Static_Fluids/images2/example_12.97b.jpg>]
File: images2/example_12.97b.jpg Graphic file (type jpg)
<use images2/example_12.97b.jpg>
Package pdftex.def Info: images2/example_12.97b.jpg  used on input line 1285.
(pdftex.def)             Requested size: 97.62904pt x 86.72377pt.

Overfull \hbox (19.72104pt too wide) in alignment at lines 1285--1285
 [][][] []
 []

[96

]
File: images2/example_12.97b.jpg Graphic file (type jpg)
<use images2/example_12.97b.jpg>
Package pdftex.def Info: images2/example_12.97b.jpg  used on input line 1285.
(pdftex.def)             Requested size: 97.62904pt x 86.72377pt.

Overfull \hbox (19.72104pt too wide) in alignment at lines 1285--1285
 [][][] []
 []

[97

]
<images2/example_12.97c.jpg, id=3121, 135.50626pt x 149.55875pt>
File: images2/example_12.97c.jpg Graphic file (type jpg)
<use images2/example_12.97c.jpg>
Package pdftex.def Info: images2/example_12.97c.jpg  used on input line 1325.
(pdftex.def)             Requested size: 78.57712pt x 86.72377pt.

Overfull \hbox (6.30713pt too wide) in paragraph at lines 1325--1325
 [] 
 []


Overfull \vbox (10.58699pt too high) detected at line 1325
 []

[98

 <e:/Digipen/PHY250/2021/Slides/01.Static_Fluids/images2/example_12.97c.jpg>]
File: images2/example_12.97c.jpg Graphic file (type jpg)
<use images2/example_12.97c.jpg>
Package pdftex.def Info: images2/example_12.97c.jpg  used on input line 1325.
(pdftex.def)             Requested size: 78.57712pt x 86.72377pt.

Overfull \hbox (6.30713pt too wide) in paragraph at lines 1325--1325
 [] 
 []


Overfull \vbox (10.58699pt too high) detected at line 1325
 []

[99

]
File: images2/example_12.97c.jpg Graphic file (type jpg)
<use images2/example_12.97c.jpg>
Package pdftex.def Info: images2/example_12.97c.jpg  used on input line 1325.
(pdftex.def)             Requested size: 78.57712pt x 86.72377pt.

Overfull \hbox (6.30713pt too wide) in paragraph at lines 1325--1325
 [] 
 []


Overfull \vbox (10.58699pt too high) detected at line 1325
 []

[100

]
File: images2/example_12.97c.jpg Graphic file (type jpg)
<use images2/example_12.97c.jpg>
Package pdftex.def Info: images2/example_12.97c.jpg  used on input line 1325.
(pdftex.def)             Requested size: 78.57712pt x 86.72377pt.

Overfull \hbox (6.30713pt too wide) in paragraph at lines 1325--1325
 [] 
 []


Overfull \vbox (10.58699pt too high) detected at line 1325
 []

[101

]
File: images2/example_12.97c.jpg Graphic file (type jpg)
<use images2/example_12.97c.jpg>
Package pdftex.def Info: images2/example_12.97c.jpg  used on input line 1325.
(pdftex.def)             Requested size: 78.57712pt x 86.72377pt.

Overfull \hbox (6.30713pt too wide) in paragraph at lines 1325--1325
 [] 
 []


Overfull \vbox (10.58699pt too high) detected at line 1325
 []

[102

]
File: images2/example_12.97c.jpg Graphic file (type jpg)
<use images2/example_12.97c.jpg>
Package pdftex.def Info: images2/example_12.97c.jpg  used on input line 1325.
(pdftex.def)             Requested size: 78.57712pt x 86.72377pt.

Overfull \hbox (6.30713pt too wide) in paragraph at lines 1325--1325
 [] 
 []


Overfull \vbox (10.58699pt too high) detected at line 1325
 []

[103

]
File: images2/example_12.97c.jpg Graphic file (type jpg)
<use images2/example_12.97c.jpg>
Package pdftex.def Info: images2/example_12.97c.jpg  used on input line 1355.
(pdftex.def)             Requested size: 78.57712pt x 86.72377pt.

Overfull \hbox (6.30713pt too wide) in paragraph at lines 1355--1355
 [] 
 []

[104

]
File: images2/example_12.97c.jpg Graphic file (type jpg)
<use images2/example_12.97c.jpg>
Package pdftex.def Info: images2/example_12.97c.jpg  used on input line 1388.
(pdftex.def)             Requested size: 78.57712pt x 86.72377pt.

Overfull \hbox (6.30713pt too wide) in paragraph at lines 1388--1388
 [] 
 []

[105

]
File: images2/example_12.97c.jpg Graphic file (type jpg)
<use images2/example_12.97c.jpg>
Package pdftex.def Info: images2/example_12.97c.jpg  used on input line 1388.
(pdftex.def)             Requested size: 78.57712pt x 86.72377pt.

Overfull \hbox (6.30713pt too wide) in paragraph at lines 1388--1388
 [] 
 []

[106

]
File: images2/example_12.97c.jpg Graphic file (type jpg)
<use images2/example_12.97c.jpg>
Package pdftex.def Info: images2/example_12.97c.jpg  used on input line 1388.
(pdftex.def)             Requested size: 78.57712pt x 86.72377pt.

Overfull \hbox (6.30713pt too wide) in paragraph at lines 1388--1388
 [] 
 []

[107

]
File: images2/example_12.97c.jpg Graphic file (type jpg)
<use images2/example_12.97c.jpg>
Package pdftex.def Info: images2/example_12.97c.jpg  used on input line 1388.
(pdftex.def)             Requested size: 78.57712pt x 86.72377pt.

Overfull \hbox (6.30713pt too wide) in paragraph at lines 1388--1388
 [] 
 []

[108

] [109

] [110

] [111

] [112

]
<images2/generalization1.jpg, id=3590, 403.9893pt x 190.0701pt>
File: images2/generalization1.jpg Graphic file (type jpg)
<use images2/generalization1.jpg>
Package pdftex.def Info: images2/generalization1.jpg  used on input line 1464.
(pdftex.def)             Requested size: 153.60999pt x 72.26999pt.
 [113

 <e:/Digipen/PHY250/2021/Slides/01.Static_Fluids/images2/generalization1.jpg>]
File: images2/generalization1.jpg Graphic file (type jpg)
<use images2/generalization1.jpg>
Package pdftex.def Info: images2/generalization1.jpg  used on input line 1464.
(pdftex.def)             Requested size: 153.60999pt x 72.26999pt.
 [114

]
File: images2/generalization1.jpg Graphic file (type jpg)
<use images2/generalization1.jpg>
Package pdftex.def Info: images2/generalization1.jpg  used on input line 1464.
(pdftex.def)             Requested size: 153.60999pt x 72.26999pt.
 [115

] [116

] [117

] [118

] [119

] [120

] [121

] [122

] [123

] [124

] [125

]
\tf@nav=\write6
\openout6 = `Fluids.nav'.

\tf@toc=\write7
\openout7 = `Fluids.toc'.

\tf@snm=\write8
\openout8 = `Fluids.snm'.

Package atveryend Info: Empty hook `BeforeClearDocument' on input line 1603.
Package atveryend Info: Empty hook `AfterLastShipout' on input line 1603.
 (e:/Digipen\PHY250\2021\Slides\01.Static_Fluids\Fluids.aux)
Package atveryend Info: Executing hook `AtVeryEndDocument' on input line 1603.
Package atveryend Info: Executing hook `AtEndAfterFileList' on input line 1603.
Package rerunfilecheck Info: File `Fluids.out' has not changed.
(rerunfilecheck)             Checksum: 46760E37CAB56DED9F1DE6FC6B7CE1E2;333.


LaTeX Warning: There were multiply-defined labels.

 ) 
Here is how much of TeX's memory you used:
 19418 strings out of 480790
 372087 string characters out of 2898239
 634405 words of memory out of 3000000
 34657 multiletter control sequences out of 15000+200000
 544120 words of font info for 66 fonts, out of 3000000 for 9000
 1141 hyphenation exceptions out of 8191
 58i,19n,67p,820b,648s stack positions out of 5000i,500n,10000p,200000b,50000s
<C:/Users/Ana/AppData/Local/Programs/MiKTeX/fonts/type1/public/amsfonts/cm/cmex10.pfb><C:/Users/Ana/AppData/Local/Programs/MiKTeX/fonts/type1/public/amsfonts/cm/cmmi10.pfb><C:/Users/Ana/AppData/Local/Programs/MiKTeX/fonts/type1/public/amsfonts/cm/cmmi6.pfb><C:/Users/Ana/AppData/Local/Programs/MiKTeX/fonts/type1/public/amsfonts/cm/cmmi8.pfb><C:/Users/Ana/AppData/Local/Programs/MiKTeX/fonts/type1/public/amsfonts/cm/cmss10.pfb><C:/Users/Ana/AppData/Local/Programs/MiKTeX/fonts/type1/public/amsfonts/cm/cmss12.pfb><C:/Users/Ana/AppData/Local/Programs/MiKTeX/fonts/type1/public/amsfonts/cm/cmss8.pfb><C:/Users/Ana/AppData/Local/Programs/MiKTeX/fonts/type1/public/amsfonts/cm/cmssbx10.pfb><C:/Users/Ana/AppData/Local/Programs/MiKTeX/fonts/type1/public/amsfonts/cm/cmssi10.pfb><C:/Users/Ana/AppData/Local/Programs/MiKTeX/fonts/type1/public/amsfonts/cm/cmssi8.pfb><C:/Users/Ana/AppData/Local/Programs/MiKTeX/fonts/type1/public/amsfonts/cm/cmsy10.pfb><C:/Users/Ana/AppData/Local/Programs/MiKTeX/fonts/type1/public/amsfonts/cm/cmsy8.pfb><C:/Users/Ana/AppData/Local/Programs/MiKTeX/fonts/type1/public/amsfonts/symbols/msam10.pfb>
Output written on e:/Digipen\PHY250\2021\Slides\01.Static_Fluids\Fluids.pdf (125 pages, 6909373 bytes).
PDF statistics:
 4097 PDF objects out of 4296 (max. 8388607)
 263 named destinations out of 1000 (max. 500000)
 235 words of extra memory for PDF output out of 10000 (max. 10000000)

